{"meta": {"format": 3, "version": "7.11.0", "timestamp": "2025-11-24T00:07:50.773521", "branch_coverage": false, "show_contexts": false}, "files": {"app/__init__.py": {"executed_lines": [0], "summary": {"covered_lines": 0, "num_statements": 0, "percent_covered": 100.0, "percent_covered_display": "100", "missing_lines": 0, "excluded_lines": 0}, "missing_lines": [], "excluded_lines": [], "functions": {"": {"executed_lines": [], "summary": {"covered_lines": 0, "num_statements": 0, "percent_covered": 100.0, "percent_covered_display": "100", "missing_lines": 0, "excluded_lines": 0}, "missing_lines": [], "excluded_lines": []}}, "classes": {"": {"executed_lines": [], "summary": {"covered_lines": 0, "num_statements": 0, "percent_covered": 100.0, "percent_covered_display": "100", "missing_lines": 0, "excluded_lines": 0}, "missing_lines": [], "excluded_lines": []}}}, "app/api/__init__.py": {"executed_lines": [0], "summary": {"covered_lines": 0, "num_statements": 0, "percent_covered": 100.0, "percent_covered_display": "100", "missing_lines": 0, "excluded_lines": 0}, "missing_lines": [], "excluded_lines": [], "functions": {"": {"executed_lines": [], "summary": {"covered_lines": 0, "num_statements": 0, "percent_covered": 100.0, "percent_covered_display": "100", "missing_lines": 0, "excluded_lines": 0}, "missing_lines": [], "excluded_lines": []}}, "classes": {"": {"executed_lines": [], "summary": {"covered_lines": 0, "num_statements": 0, "percent_covered": 100.0, "percent_covered_display": "100", "missing_lines": 0, "excluded_lines": 0}, "missing_lines": [], "excluded_lines": []}}}, "app/api/v1/__init__.py": {"executed_lines": [0], "summary": {"covered_lines": 0, "num_statements": 0, "percent_covered": 100.0, "percent_covered_display": "100", "missing_lines": 0, "excluded_lines": 0}, "missing_lines": [], "excluded_lines": [], "functions": {"": {"executed_lines": [], "summary": {"covered_lines": 0, "num_statements": 0, "percent_covered": 100.0, "percent_covered_display": "100", "missing_lines": 0, "excluded_lines": 0}, "missing_lines": [], "excluded_lines": []}}, "classes": {"": {"executed_lines": [], "summary": {"covered_lines": 0, "num_statements": 0, "percent_covered": 100.0, "percent_covered_display": "100", "missing_lines": 0, "excluded_lines": 0}, "missing_lines": [], "excluded_lines": []}}}, "app/api/v1/client_routes.py": {"executed_lines": [1, 2, 3, 4, 5, 13, 14, 15, 17, 19, 25, 64, 79, 82, 85, 113, 131, 135, 138, 144, 152, 153, 155, 163, 169, 173, 176, 182, 196, 202, 217, 223, 238, 244], "summary": {"covered_lines": 34, "num_statements": 50, "percent_covered": 68.0, "percent_covered_display": "68", "missing_lines": 16, "excluded_lines": 0}, "missing_lines": [87, 90, 91, 94, 186, 187, 188, 189, 193, 213, 214, 233, 234, 235, 254, 255], "excluded_lines": [], "functions": {"register_client": {"executed_lines": [79, 82, 85], "summary": {"covered_lines": 3, "num_statements": 7, "percent_covered": 42.857142857142854, "percent_covered_display": "43", "missing_lines": 4, "excluded_lines": 0}, "missing_lines": [87, 90, 91, 94], "excluded_lines": []}, "validate_nit": {"executed_lines": [135], "summary": {"covered_lines": 1, "num_statements": 1, "percent_covered": 100.0, "percent_covered_display": "100", "missing_lines": 0, "excluded_lines": 0}, "missing_lines": [], "excluded_lines": []}, "get_clients": {"executed_lines": [152, 153, 155], "summary": {"covered_lines": 3, "num_statements": 3, "percent_covered": 100.0, "percent_covered_display": "100", "missing_lines": 0, "excluded_lines": 0}, "missing_lines": [], "excluded_lines": []}, "get_client": {"executed_lines": [173], "summary": {"covered_lines": 1, "num_statements": 1, "percent_covered": 100.0, "percent_covered_display": "100", "missing_lines": 0, "excluded_lines": 0}, "missing_lines": [], "excluded_lines": []}, "get_client_by_nit": {"executed_lines": [], "summary": {"covered_lines": 0, "num_statements": 5, "percent_covered": 0.0, "percent_covered_display": "0", "missing_lines": 5, "excluded_lines": 0}, "missing_lines": [186, 187, 188, 189, 193], "excluded_lines": []}, "update_client": {"executed_lines": [], "summary": {"covered_lines": 0, "num_statements": 2, "percent_covered": 0.0, "percent_covered_display": "0", "missing_lines": 2, "excluded_lines": 0}, "missing_lines": [213, 214], "excluded_lines": []}, "delete_client": {"executed_lines": [], "summary": {"covered_lines": 0, "num_statements": 3, "percent_covered": 0.0, "percent_covered_display": "0", "missing_lines": 3, "excluded_lines": 0}, "missing_lines": [233, 234, 235], "excluded_lines": []}, "validate_client": {"executed_lines": [], "summary": {"covered_lines": 0, "num_statements": 2, "percent_covered": 0.0, "percent_covered_display": "0", "missing_lines": 2, "excluded_lines": 0}, "missing_lines": [254, 255], "excluded_lines": []}, "": {"executed_lines": [1, 2, 3, 4, 5, 13, 14, 15, 17, 19, 25, 64, 113, 131, 138, 144, 163, 169, 176, 182, 196, 202, 217, 223, 238, 244], "summary": {"covered_lines": 26, "num_statements": 26, "percent_covered": 100.0, "percent_covered_display": "100", "missing_lines": 0, "excluded_lines": 0}, "missing_lines": [], "excluded_lines": []}}, "classes": {"": {"executed_lines": [1, 2, 3, 4, 5, 13, 14, 15, 17, 19, 25, 64, 79, 82, 85, 113, 131, 135, 138, 144, 152, 153, 155, 163, 169, 173, 176, 182, 196, 202, 217, 223, 238, 244], "summary": {"covered_lines": 34, "num_statements": 50, "percent_covered": 68.0, "percent_covered_display": "68", "missing_lines": 16, "excluded_lines": 0}, "missing_lines": [87, 90, 91, 94, 186, 187, 188, 189, 193, 213, 214, 233, 234, 235, 254, 255], "excluded_lines": []}}}, "app/core/__init__.py": {"executed_lines": [0], "summary": {"covered_lines": 0, "num_statements": 0, "percent_covered": 100.0, "percent_covered_display": "100", "missing_lines": 0, "excluded_lines": 0}, "missing_lines": [], "excluded_lines": [], "functions": {"": {"executed_lines": [], "summary": {"covered_lines": 0, "num_statements": 0, "percent_covered": 100.0, "percent_covered_display": "100", "missing_lines": 0, "excluded_lines": 0}, "missing_lines": [], "excluded_lines": []}}, "classes": {"": {"executed_lines": [], "summary": {"covered_lines": 0, "num_statements": 0, "percent_covered": 100.0, "percent_covered_display": "100", "missing_lines": 0, "excluded_lines": 0}, "missing_lines": [], "excluded_lines": []}}}, "app/core/auth.py": {"executed_lines": [1, 2, 4, 14, 15, 20, 21, 22, 23, 24, 25, 27, 38, 39, 44, 45, 46], "summary": {"covered_lines": 17, "num_statements": 17, "percent_covered": 100.0, "percent_covered_display": "100", "missing_lines": 0, "excluded_lines": 0}, "missing_lines": [], "excluded_lines": [], "functions": {"verify_token": {"executed_lines": [14, 15, 20, 21, 22, 23, 24, 25], "summary": {"covered_lines": 8, "num_statements": 8, "percent_covered": 100.0, "percent_covered_display": "100", "missing_lines": 0, "excluded_lines": 0}, "missing_lines": [], "excluded_lines": []}, "get_token_payload": {"executed_lines": [38, 39, 44, 45, 46], "summary": {"covered_lines": 5, "num_statements": 5, "percent_covered": 100.0, "percent_covered_display": "100", "missing_lines": 0, "excluded_lines": 0}, "missing_lines": [], "excluded_lines": []}, "": {"executed_lines": [1, 2, 4, 27], "summary": {"covered_lines": 4, "num_statements": 4, "percent_covered": 100.0, "percent_covered_display": "100", "missing_lines": 0, "excluded_lines": 0}, "missing_lines": [], "excluded_lines": []}}, "classes": {"": {"executed_lines": [1, 2, 4, 14, 15, 20, 21, 22, 23, 24, 25, 27, 38, 39, 44, 45, 46], "summary": {"covered_lines": 17, "num_statements": 17, "percent_covered": 100.0, "percent_covered_display": "100", "missing_lines": 0, "excluded_lines": 0}, "missing_lines": [], "excluded_lines": []}}}, "app/core/config.py": {"executed_lines": [1, 2, 3, 6, 8, 9, 10, 13, 14, 15, 18, 24, 28, 29, 32, 35, 41, 43, 44, 45, 48], "summary": {"covered_lines": 21, "num_statements": 21, "percent_covered": 100.0, "percent_covered_display": "100", "missing_lines": 0, "excluded_lines": 0}, "missing_lines": [], "excluded_lines": [], "functions": {"": {"executed_lines": [1, 2, 3, 6, 8, 9, 10, 13, 14, 15, 18, 24, 28, 29, 32, 35, 41, 43, 44, 45, 48], "summary": {"covered_lines": 21, "num_statements": 21, "percent_covered": 100.0, "percent_covered_display": "100", "missing_lines": 0, "excluded_lines": 0}, "missing_lines": [], "excluded_lines": []}}, "classes": {"Settings": {"executed_lines": [], "summary": {"covered_lines": 0, "num_statements": 0, "percent_covered": 100.0, "percent_covered_display": "100", "missing_lines": 0, "excluded_lines": 0}, "missing_lines": [], "excluded_lines": []}, "Settings.Config": {"executed_lines": [], "summary": {"covered_lines": 0, "num_statements": 0, "percent_covered": 100.0, "percent_covered_display": "100", "missing_lines": 0, "excluded_lines": 0}, "missing_lines": [], "excluded_lines": []}, "": {"executed_lines": [1, 2, 3, 6, 8, 9, 10, 13, 14, 15, 18, 24, 28, 29, 32, 35, 41, 43, 44, 45, 48], "summary": {"covered_lines": 21, "num_statements": 21, "percent_covered": 100.0, "percent_covered_display": "100", "missing_lines": 0, "excluded_lines": 0}, "missing_lines": [], "excluded_lines": []}}}, "app/core/database.py": {"executed_lines": [1, 2, 3, 4, 7, 15, 18, 21, 32, 36, 37], "summary": {"covered_lines": 11, "num_statements": 15, "percent_covered": 73.33333333333333, "percent_covered_display": "73", "missing_lines": 4, "excluded_lines": 0}, "missing_lines": [25, 26, 27, 29], "excluded_lines": [], "functions": {"get_db": {"executed_lines": [], "summary": {"covered_lines": 0, "num_statements": 4, "percent_covered": 0.0, "percent_covered_display": "0", "missing_lines": 4, "excluded_lines": 0}, "missing_lines": [25, 26, 27, 29], "excluded_lines": []}, "create_tables": {"executed_lines": [36, 37], "summary": {"covered_lines": 2, "num_statements": 2, "percent_covered": 100.0, "percent_covered_display": "100", "missing_lines": 0, "excluded_lines": 0}, "missing_lines": [], "excluded_lines": []}, "": {"executed_lines": [1, 2, 3, 4, 7, 15, 18, 21, 32], "summary": {"covered_lines": 9, "num_statements": 9, "percent_covered": 100.0, "percent_covered_display": "100", "missing_lines": 0, "excluded_lines": 0}, "missing_lines": [], "excluded_lines": []}}, "classes": {"": {"executed_lines": [1, 2, 3, 4, 7, 15, 18, 21, 32, 36, 37], "summary": {"covered_lines": 11, "num_statements": 15, "percent_covered": 73.33333333333333, "percent_covered_display": "73", "missing_lines": 4, "excluded_lines": 0}, "missing_lines": [25, 26, 27, 29], "excluded_lines": []}}}, "app/core/dependencies.py": {"executed_lines": [1, 2, 3, 4, 8, 13, 43, 49, 50, 51, 53, 56], "summary": {"covered_lines": 12, "num_statements": 18, "percent_covered": 66.66666666666667, "percent_covered_display": "67", "missing_lines": 6, "excluded_lines": 0}, "missing_lines": [65, 67, 73, 74, 75, 77], "excluded_lines": [], "functions": {"get_current_user_email": {"executed_lines": [43, 49, 50, 51, 53], "summary": {"covered_lines": 5, "num_statements": 5, "percent_covered": 100.0, "percent_covered_display": "100", "missing_lines": 0, "excluded_lines": 0}, "missing_lines": [], "excluded_lines": []}, "get_current_user_info": {"executed_lines": [], "summary": {"covered_lines": 0, "num_statements": 6, "percent_covered": 0.0, "percent_covered_display": "0", "missing_lines": 6, "excluded_lines": 0}, "missing_lines": [65, 67, 73, 74, 75, 77], "excluded_lines": []}, "": {"executed_lines": [1, 2, 3, 4, 8, 13, 56], "summary": {"covered_lines": 7, "num_statements": 7, "percent_covered": 100.0, "percent_covered_display": "100", "missing_lines": 0, "excluded_lines": 0}, "missing_lines": [], "excluded_lines": []}}, "classes": {"": {"executed_lines": [1, 2, 3, 4, 8, 13, 43, 49, 50, 51, 53, 56], "summary": {"covered_lines": 12, "num_statements": 18, "percent_covered": 66.66666666666667, "percent_covered_display": "67", "missing_lines": 6, "excluded_lines": 0}, "missing_lines": [65, 67, 73, 74, 75, 77], "excluded_lines": []}}}, "app/core/seed_data.py": {"executed_lines": [], "summary": {"covered_lines": 0, "num_statements": 33, "percent_covered": 0.0, "percent_covered_display": "0", "missing_lines": 33, "excluded_lines": 0}, "missing_lines": [1, 2, 3, 6, 11, 12, 13, 16, 17, 19, 141, 142, 143, 145, 146, 147, 150, 151, 153, 154, 155, 157, 158, 159, 160, 162, 163, 164, 165, 166, 168, 171, 172], "excluded_lines": [], "functions": {"seed_data": {"executed_lines": [], "summary": {"covered_lines": 0, "num_statements": 27, "percent_covered": 0.0, "percent_covered_display": "0", "missing_lines": 27, "excluded_lines": 0}, "missing_lines": [11, 12, 13, 16, 17, 19, 141, 142, 143, 145, 146, 147, 150, 151, 153, 154, 155, 157, 158, 159, 160, 162, 163, 164, 165, 166, 168], "excluded_lines": []}, "": {"executed_lines": [], "summary": {"covered_lines": 0, "num_statements": 6, "percent_covered": 0.0, "percent_covered_display": "0", "missing_lines": 6, "excluded_lines": 0}, "missing_lines": [1, 2, 3, 6, 171, 172], "excluded_lines": []}}, "classes": {"": {"executed_lines": [], "summary": {"covered_lines": 0, "num_statements": 33, "percent_covered": 0.0, "percent_covered_display": "0", "missing_lines": 33, "excluded_lines": 0}, "missing_lines": [1, 2, 3, 6, 11, 12, 13, 16, 17, 19, 141, 142, 143, 145, 146, 147, 150, 151, 153, 154, 155, 157, 158, 159, 160, 162, 163, 164, 165, 166, 168, 171, 172], "excluded_lines": []}}}, "app/main.py": {"executed_lines": [1, 2, 3, 4, 5, 6, 9, 14, 17, 18, 19, 21, 22, 23, 26, 37, 46, 49, 55, 59, 66, 72, 83, 89, 102, 103, 104, 105, 108, 110, 111, 121, 125, 126, 127, 130], "summary": {"covered_lines": 36, "num_statements": 48, "percent_covered": 75.0, "percent_covered_display": "75", "missing_lines": 12, "excluded_lines": 0}, "missing_lines": [20, 76, 93, 112, 113, 114, 115, 116, 117, 118, 131, 132], "excluded_lines": [], "functions": {"health_check": {"executed_lines": [59], "summary": {"covered_lines": 1, "num_statements": 1, "percent_covered": 100.0, "percent_covered_display": "100", "missing_lines": 0, "excluded_lines": 0}, "missing_lines": [], "excluded_lines": []}, "client_health_check": {"executed_lines": [], "summary": {"covered_lines": 0, "num_statements": 1, "percent_covered": 0.0, "percent_covered_display": "0", "missing_lines": 1, "excluded_lines": 0}, "missing_lines": [76], "excluded_lines": []}, "root": {"executed_lines": [], "summary": {"covered_lines": 0, "num_statements": 1, "percent_covered": 0.0, "percent_covered_display": "0", "missing_lines": 1, "excluded_lines": 0}, "missing_lines": [93], "excluded_lines": []}, "startup_event": {"executed_lines": [104, 105, 108, 110, 121], "summary": {"covered_lines": 5, "num_statements": 5, "percent_covered": 100.0, "percent_covered_display": "100", "missing_lines": 0, "excluded_lines": 0}, "missing_lines": [], "excluded_lines": []}, "startup_event.load_seed_data": {"executed_lines": [111], "summary": {"covered_lines": 1, "num_statements": 8, "percent_covered": 12.5, "percent_covered_display": "12", "missing_lines": 7, "excluded_lines": 0}, "missing_lines": [112, 113, 114, 115, 116, 117, 118], "excluded_lines": []}, "shutdown_event": {"executed_lines": [127], "summary": {"covered_lines": 1, "num_statements": 1, "percent_covered": 100.0, "percent_covered_display": "100", "missing_lines": 0, "excluded_lines": 0}, "missing_lines": [], "excluded_lines": []}, "": {"executed_lines": [1, 2, 3, 4, 5, 6, 9, 14, 17, 18, 19, 21, 22, 23, 26, 37, 46, 49, 55, 66, 72, 83, 89, 102, 103, 125, 126, 130], "summary": {"covered_lines": 28, "num_statements": 31, "percent_covered": 90.3225806451613, "percent_covered_display": "90", "missing_lines": 3, "excluded_lines": 0}, "missing_lines": [20, 131, 132], "excluded_lines": []}}, "classes": {"": {"executed_lines": [1, 2, 3, 4, 5, 6, 9, 14, 17, 18, 19, 21, 22, 23, 26, 37, 46, 49, 55, 59, 66, 72, 83, 89, 102, 103, 104, 105, 108, 110, 111, 121, 125, 126, 127, 130], "summary": {"covered_lines": 36, "num_statements": 48, "percent_covered": 75.0, "percent_covered_display": "75", "missing_lines": 12, "excluded_lines": 0}, "missing_lines": [20, 76, 93, 112, 113, 114, 115, 116, 117, 118, 131, 132], "excluded_lines": []}}}, "app/models/__init__.py": {"executed_lines": [0], "summary": {"covered_lines": 0, "num_statements": 0, "percent_covered": 100.0, "percent_covered_display": "100", "missing_lines": 0, "excluded_lines": 0}, "missing_lines": [], "excluded_lines": [], "functions": {"": {"executed_lines": [], "summary": {"covered_lines": 0, "num_statements": 0, "percent_covered": 100.0, "percent_covered_display": "100", "missing_lines": 0, "excluded_lines": 0}, "missing_lines": [], "excluded_lines": []}}, "classes": {"": {"executed_lines": [], "summary": {"covered_lines": 0, "num_statements": 0, "percent_covered": 100.0, "percent_covered_display": "100", "missing_lines": 0, "excluded_lines": 0}, "missing_lines": [], "excluded_lines": []}}}, "app/models/client.py": {"executed_lines": [1, 2, 3, 4, 7, 8, 10, 11, 12, 13, 14, 15, 16, 17, 18, 19, 21], "summary": {"covered_lines": 17, "num_statements": 18, "percent_covered": 94.44444444444444, "percent_covered_display": "94", "missing_lines": 1, "excluded_lines": 0}, "missing_lines": [22], "excluded_lines": [], "functions": {"Client.__repr__": {"executed_lines": [], "summary": {"covered_lines": 0, "num_statements": 1, "percent_covered": 0.0, "percent_covered_display": "0", "missing_lines": 1, "excluded_lines": 0}, "missing_lines": [22], "excluded_lines": []}, "": {"executed_lines": [1, 2, 3, 4, 7, 8, 10, 11, 12, 13, 14, 15, 16, 17, 18, 19, 21], "summary": {"covered_lines": 17, "num_statements": 17, "percent_covered": 100.0, "percent_covered_display": "100", "missing_lines": 0, "excluded_lines": 0}, "missing_lines": [], "excluded_lines": []}}, "classes": {"Client": {"executed_lines": [], "summary": {"covered_lines": 0, "num_statements": 1, "percent_covered": 0.0, "percent_covered_display": "0", "missing_lines": 1, "excluded_lines": 0}, "missing_lines": [22], "excluded_lines": []}, "": {"executed_lines": [1, 2, 3, 4, 7, 8, 10, 11, 12, 13, 14, 15, 16, 17, 18, 19, 21], "summary": {"covered_lines": 17, "num_statements": 17, "percent_covered": 100.0, "percent_covered_display": "100", "missing_lines": 0, "excluded_lines": 0}, "missing_lines": [], "excluded_lines": []}}}, "app/schemas/__init__.py": {"executed_lines": [0], "summary": {"covered_lines": 0, "num_statements": 0, "percent_covered": 100.0, "percent_covered_display": "100", "missing_lines": 0, "excluded_lines": 0}, "missing_lines": [], "excluded_lines": [], "functions": {"": {"executed_lines": [], "summary": {"covered_lines": 0, "num_statements": 0, "percent_covered": 100.0, "percent_covered_display": "100", "missing_lines": 0, "excluded_lines": 0}, "missing_lines": [], "excluded_lines": []}}, "classes": {"": {"executed_lines": [], "summary": {"covered_lines": 0, "num_statements": 0, "percent_covered": 100.0, "percent_covered_display": "100", "missing_lines": 0, "excluded_lines": 0}, "missing_lines": [], "excluded_lines": []}}}, "app/schemas/client_schema.py": {"executed_lines": [1, 2, 3, 4, 7, 8, 9, 10, 11, 12, 13, 15, 16, 17, 22, 25, 28, 30, 31, 32, 37, 40, 43, 46, 47, 50, 53, 54, 57, 58, 59, 60, 61, 64, 65, 68, 69, 70, 71, 73, 74, 77, 78, 81, 82, 86, 92, 93, 96, 97, 98, 99, 100, 103, 104, 107, 108, 109, 110], "summary": {"covered_lines": 53, "num_statements": 55, "percent_covered": 96.36363636363636, "percent_covered_display": "96", "missing_lines": 2, "excluded_lines": 0}, "missing_lines": [26, 41], "excluded_lines": [], "functions": {"ClientBase.validate_nit_format": {"executed_lines": [22, 25, 28], "summary": {"covered_lines": 3, "num_statements": 4, "percent_covered": 75.0, "percent_covered_display": "75", "missing_lines": 1, "excluded_lines": 0}, "missing_lines": [26], "excluded_lines": []}, "ClientBase.validate_phone": {"executed_lines": [37, 40, 43], "summary": {"covered_lines": 3, "num_statements": 4, "percent_covered": 75.0, "percent_covered_display": "75", "missing_lines": 1, "excluded_lines": 0}, "missing_lines": [41], "excluded_lines": []}, "": {"executed_lines": [1, 2, 3, 4, 7, 8, 9, 10, 11, 12, 13, 15, 16, 17, 30, 31, 32, 46, 47, 50, 53, 54, 57, 58, 59, 60, 61, 64, 65, 68, 69, 70, 71, 73, 74, 77, 78, 81, 82, 86, 92, 93, 96, 97, 98, 99, 100, 103, 104, 107, 108, 109, 110], "summary": {"covered_lines": 47, "num_statements": 47, "percent_covered": 100.0, "percent_covered_display": "100", "missing_lines": 0, "excluded_lines": 0}, "missing_lines": [], "excluded_lines": []}}, "classes": {"ClientBase": {"executed_lines": [22, 25, 28, 37, 40, 43], "summary": {"covered_lines": 6, "num_statements": 8, "percent_covered": 75.0, "percent_covered_display": "75", "missing_lines": 2, "excluded_lines": 0}, "missing_lines": [26, 41], "excluded_lines": []}, "ClientCreate": {"executed_lines": [], "summary": {"covered_lines": 0, "num_statements": 0, "percent_covered": 100.0, "percent_covered_display": "100", "missing_lines": 0, "excluded_lines": 0}, "missing_lines": [], "excluded_lines": []}, "ClientUpdate": {"executed_lines": [], "summary": {"covered_lines": 0, "num_statements": 0, "percent_covered": 100.0, "percent_covered_display": "100", "missing_lines": 0, "excluded_lines": 0}, "missing_lines": [], "excluded_lines": []}, "ClientResponse": {"executed_lines": [], "summary": {"covered_lines": 0, "num_statements": 0, "percent_covered": 100.0, "percent_covered_display": "100", "missing_lines": 0, "excluded_lines": 0}, "missing_lines": [], "excluded_lines": []}, "ClientResponse.Config": {"executed_lines": [], "summary": {"covered_lines": 0, "num_statements": 0, "percent_covered": 100.0, "percent_covered_display": "100", "missing_lines": 0, "excluded_lines": 0}, "missing_lines": [], "excluded_lines": []}, "ClientCreatedResponse": {"executed_lines": [], "summary": {"covered_lines": 0, "num_statements": 0, "percent_covered": 100.0, "percent_covered_display": "100", "missing_lines": 0, "excluded_lines": 0}, "missing_lines": [], "excluded_lines": []}, "NITValidationResponse": {"executed_lines": [], "summary": {"covered_lines": 0, "num_statements": 0, "percent_covered": 100.0, "percent_covered_display": "100", "missing_lines": 0, "excluded_lines": 0}, "missing_lines": [], "excluded_lines": []}, "ClientListResponse": {"executed_lines": [], "summary": {"covered_lines": 0, "num_statements": 0, "percent_covered": 100.0, "percent_covered_display": "100", "missing_lines": 0, "excluded_lines": 0}, "missing_lines": [], "excluded_lines": []}, "": {"executed_lines": [1, 2, 3, 4, 7, 8, 9, 10, 11, 12, 13, 15, 16, 17, 30, 31, 32, 46, 47, 50, 53, 54, 57, 58, 59, 60, 61, 64, 65, 68, 69, 70, 71, 73, 74, 77, 78, 81, 82, 86, 92, 93, 96, 97, 98, 99, 100, 103, 104, 107, 108, 109, 110], "summary": {"covered_lines": 47, "num_statements": 47, "percent_covered": 100.0, "percent_covered_display": "100", "missing_lines": 0, "excluded_lines": 0}, "missing_lines": [], "excluded_lines": []}}}, "app/services/__init__.py": {"executed_lines": [0], "summary": {"covered_lines": 0, "num_statements": 0, "percent_covered": 100.0, "percent_covered_display": "100", "missing_lines": 0, "excluded_lines": 0}, "missing_lines": [], "excluded_lines": [], "functions": {"": {"executed_lines": [], "summary": {"covered_lines": 0, "num_statements": 0, "percent_covered": 100.0, "percent_covered_display": "100", "missing_lines": 0, "excluded_lines": 0}, "missing_lines": [], "excluded_lines": []}}, "classes": {"": {"executed_lines": [], "summary": {"covered_lines": 0, "num_statements": 0, "percent_covered": 100.0, "percent_covered_display": "100", "missing_lines": 0, "excluded_lines": 0}, "missing_lines": [], "excluded_lines": []}}}, "app/services/client_service.py": {"executed_lines": [1, 2, 3, 4, 5, 6, 7, 8, 9, 10, 11, 13, 16, 17, 22, 24, 26, 27, 37, 38, 39, 41, 42, 65, 66, 70, 72, 73, 84, 92, 93, 96, 98, 100, 101, 122, 123, 124, 126, 133, 135, 136, 157, 158, 159, 173, 174, 181, 185, 204, 225, 226, 233, 234, 235, 237, 239, 240, 248, 251, 252, 255, 256, 265, 267, 268, 299, 312, 314, 315, 328, 329, 333, 334, 335, 341, 342, 348, 349, 357, 358, 359, 361, 362, 390, 391, 410, 411], "summary": {"covered_lines": 87, "num_statements": 182, "percent_covered": 47.8021978021978, "percent_covered_display": "48", "missing_lines": 95, "excluded_lines": 0}, "missing_lines": [44, 45, 46, 47, 48, 49, 50, 53, 57, 59, 63, 138, 139, 140, 141, 142, 144, 145, 146, 151, 152, 163, 165, 166, 167, 168, 186, 187, 192, 193, 194, 212, 213, 214, 218, 219, 220, 241, 242, 262, 263, 264, 271, 281, 282, 283, 285, 288, 300, 301, 305, 306, 308, 316, 317, 318, 320, 321, 323, 339, 346, 370, 373, 374, 375, 377, 378, 379, 380, 381, 382, 383, 384, 385, 395, 397, 398, 399, 400, 401, 402, 403, 404, 405, 415, 416, 418, 419, 420, 421, 422, 423, 424, 425, 426], "excluded_lines": [], "functions": {"ClientService._get_cliente_role_id": {"executed_lines": [37, 38, 39, 41, 42, 65, 66, 70], "summary": {"covered_lines": 8, "num_statements": 19, "percent_covered": 42.10526315789474, "percent_covered_display": "42", "missing_lines": 11, "excluded_lines": 0}, "missing_lines": [44, 45, 46, 47, 48, 49, 50, 53, 57, 59, 63], "excluded_lines": []}, "ClientService._generate_temporary_password": {"executed_lines": [84, 92, 93, 96, 98], "summary": {"covered_lines": 5, "num_statements": 5, "percent_covered": 100.0, "percent_covered_display": "100", "missing_lines": 0, "excluded_lines": 0}, "missing_lines": [], "excluded_lines": []}, "ClientService._create_user_in_user_service": {"executed_lines": [122, 123, 124, 126, 133, 135, 136, 157, 158, 159], "summary": {"covered_lines": 10, "num_statements": 25, "percent_covered": 40.0, "percent_covered_display": "40", "missing_lines": 15, "excluded_lines": 0}, "missing_lines": [138, 139, 140, 141, 142, 144, 145, 146, 151, 152, 163, 165, 166, 167, 168], "excluded_lines": []}, "ClientService.validate_nit": {"executed_lines": [181, 185, 204], "summary": {"covered_lines": 3, "num_statements": 14, "percent_covered": 21.428571428571427, "percent_covered_display": "21", "missing_lines": 11, "excluded_lines": 0}, "missing_lines": [186, 187, 192, 193, 194, 212, 213, 214, 218, 219, 220], "excluded_lines": []}, "ClientService.create_client": {"executed_lines": [233, 234, 235, 237, 239, 240, 248, 251, 252, 255, 256, 265, 267, 268, 299, 312, 314, 315], "summary": {"covered_lines": 18, "num_statements": 40, "percent_covered": 45.0, "percent_covered_display": "45", "missing_lines": 22, "excluded_lines": 0}, "missing_lines": [241, 242, 262, 263, 264, 271, 281, 282, 283, 285, 288, 300, 301, 305, 306, 308, 316, 317, 318, 320, 321, 323], "excluded_lines": []}, "ClientService.get_client_by_id": {"executed_lines": [333, 334, 335], "summary": {"covered_lines": 3, "num_statements": 4, "percent_covered": 75.0, "percent_covered_display": "75", "missing_lines": 1, "excluded_lines": 0}, "missing_lines": [339], "excluded_lines": []}, "ClientService.get_client_by_nit": {"executed_lines": [], "summary": {"covered_lines": 0, "num_statements": 1, "percent_covered": 0.0, "percent_covered_display": "0", "missing_lines": 1, "excluded_lines": 0}, "missing_lines": [346], "excluded_lines": []}, "ClientService.get_clients": {"executed_lines": [357, 358, 359], "summary": {"covered_lines": 3, "num_statements": 3, "percent_covered": 100.0, "percent_covered_display": "100", "missing_lines": 0, "excluded_lines": 0}, "missing_lines": [], "excluded_lines": []}, "ClientService.update_client": {"executed_lines": [], "summary": {"covered_lines": 0, "num_statements": 13, "percent_covered": 0.0, "percent_covered_display": "0", "missing_lines": 13, "excluded_lines": 0}, "missing_lines": [370, 373, 374, 375, 377, 378, 379, 380, 381, 382, 383, 384, 385], "excluded_lines": []}, "ClientService.delete_client": {"executed_lines": [], "summary": {"covered_lines": 0, "num_statements": 10, "percent_covered": 0.0, "percent_covered_display": "0", "missing_lines": 10, "excluded_lines": 0}, "missing_lines": [395, 397, 398, 399, 400, 401, 402, 403, 404, 405], "excluded_lines": []}, "ClientService.mark_as_validated": {"executed_lines": [], "summary": {"covered_lines": 0, "num_statements": 11, "percent_covered": 0.0, "percent_covered_display": "0", "missing_lines": 11, "excluded_lines": 0}, "missing_lines": [415, 416, 418, 419, 420, 421, 422, 423, 424, 425, 426], "excluded_lines": []}, "": {"executed_lines": [1, 2, 3, 4, 5, 6, 7, 8, 9, 10, 11, 13, 16, 17, 22, 24, 26, 27, 72, 73, 100, 101, 173, 174, 225, 226, 328, 329, 341, 342, 348, 349, 361, 362, 390, 391, 410, 411], "summary": {"covered_lines": 37, "num_statements": 37, "percent_covered": 100.0, "percent_covered_display": "100", "missing_lines": 0, "excluded_lines": 0}, "missing_lines": [], "excluded_lines": []}}, "classes": {"ClientService": {"executed_lines": [37, 38, 39, 41, 42, 65, 66, 70, 84, 92, 93, 96, 98, 122, 123, 124, 126, 133, 135, 136, 157, 158, 159, 181, 185, 204, 233, 234, 235, 237, 239, 240, 248, 251, 252, 255, 256, 265, 267, 268, 299, 312, 314, 315, 333, 334, 335, 357, 358, 359], "summary": {"covered_lines": 50, "num_statements": 145, "percent_covered": 34.48275862068966, "percent_covered_display": "34", "missing_lines": 95, "excluded_lines": 0}, "missing_lines": [44, 45, 46, 47, 48, 49, 50, 53, 57, 59, 63, 138, 139, 140, 141, 142, 144, 145, 146, 151, 152, 163, 165, 166, 167, 168, 186, 187, 192, 193, 194, 212, 213, 214, 218, 219, 220, 241, 242, 262, 263, 264, 271, 281, 282, 283, 285, 288, 300, 301, 305, 306, 308, 316, 317, 318, 320, 321, 323, 339, 346, 370, 373, 374, 375, 377, 378, 379, 380, 381, 382, 383, 384, 385, 395, 397, 398, 399, 400, 401, 402, 403, 404, 405, 415, 416, 418, 419, 420, 421, 422, 423, 424, 425, 426], "excluded_lines": []}, "": {"executed_lines": [1, 2, 3, 4, 5, 6, 7, 8, 9, 10, 11, 13, 16, 17, 22, 24, 26, 27, 72, 73, 100, 101, 173, 174, 225, 226, 328, 329, 341, 342, 348, 349, 361, 362, 390, 391, 410, 411], "summary": {"covered_lines": 37, "num_statements": 37, "percent_covered": 100.0, "percent_covered_display": "100", "missing_lines": 0, "excluded_lines": 0}, "missing_lines": [], "excluded_lines": []}}}}, "totals": {"covered_lines": 288, "num_statements": 457, "percent_covered": 63.01969365426696, "percent_covered_display": "63", "missing_lines": 169, "excluded_lines": 0}}