{"meta": {"format": 3, "version": "7.11.0", "timestamp": "2025-11-24T00:08:39.442019", "branch_coverage": false, "show_contexts": false}, "files": {"app/__init__.py": {"executed_lines": [2], "summary": {"covered_lines": 1, "num_statements": 1, "percent_covered": 100.0, "percent_covered_display": "100", "missing_lines": 0, "excluded_lines": 0}, "missing_lines": [], "excluded_lines": [], "functions": {"": {"executed_lines": [2], "summary": {"covered_lines": 1, "num_statements": 1, "percent_covered": 100.0, "percent_covered_display": "100", "missing_lines": 0, "excluded_lines": 0}, "missing_lines": [], "excluded_lines": []}}, "classes": {"": {"executed_lines": [2], "summary": {"covered_lines": 1, "num_statements": 1, "percent_covered": 100.0, "percent_covered_display": "100", "missing_lines": 0, "excluded_lines": 0}, "missing_lines": [], "excluded_lines": []}}}, "app/api/__init__.py": {"executed_lines": [2], "summary": {"covered_lines": 1, "num_statements": 1, "percent_covered": 100.0, "percent_covered_display": "100", "missing_lines": 0, "excluded_lines": 0}, "missing_lines": [], "excluded_lines": [], "functions": {"": {"executed_lines": [2], "summary": {"covered_lines": 1, "num_statements": 1, "percent_covered": 100.0, "percent_covered_display": "100", "missing_lines": 0, "excluded_lines": 0}, "missing_lines": [], "excluded_lines": []}}, "classes": {"": {"executed_lines": [2], "summary": {"covered_lines": 1, "num_statements": 1, "percent_covered": 100.0, "percent_covered_display": "100", "missing_lines": 0, "excluded_lines": 0}, "missing_lines": [], "excluded_lines": []}}}, "app/api/v1/__init__.py": {"executed_lines": [0], "summary": {"covered_lines": 0, "num_statements": 0, "percent_covered": 100.0, "percent_covered_display": "100", "missing_lines": 0, "excluded_lines": 0}, "missing_lines": [], "excluded_lines": [], "functions": {"": {"executed_lines": [], "summary": {"covered_lines": 0, "num_statements": 0, "percent_covered": 100.0, "percent_covered_display": "100", "missing_lines": 0, "excluded_lines": 0}, "missing_lines": [], "excluded_lines": []}}, "classes": {"": {"executed_lines": [], "summary": {"covered_lines": 0, "num_statements": 0, "percent_covered": 100.0, "percent_covered_display": "100", "missing_lines": 0, "excluded_lines": 0}, "missing_lines": [], "excluded_lines": []}}}, "app/api/v1/catalog_routes.py": {"executed_lines": [1, 2, 3, 4, 5, 6, 8, 10, 11, 12, 14, 15, 18, 19], "summary": {"covered_lines": 14, "num_statements": 16, "percent_covered": 87.5, "percent_covered_display": "88", "missing_lines": 2, "excluded_lines": 0}, "missing_lines": [16, 20], "excluded_lines": [], "functions": {"get_paises": {"executed_lines": [12], "summary": {"covered_lines": 1, "num_statements": 1, "percent_covered": 100.0, "percent_covered_display": "100", "missing_lines": 0, "excluded_lines": 0}, "missing_lines": [], "excluded_lines": []}, "get_certificaciones": {"executed_lines": [], "summary": {"covered_lines": 0, "num_statements": 1, "percent_covered": 0.0, "percent_covered_display": "0", "missing_lines": 1, "excluded_lines": 0}, "missing_lines": [16], "excluded_lines": []}, "get_categorias": {"executed_lines": [], "summary": {"covered_lines": 0, "num_statements": 1, "percent_covered": 0.0, "percent_covered_display": "0", "missing_lines": 1, "excluded_lines": 0}, "missing_lines": [20], "excluded_lines": []}, "": {"executed_lines": [1, 2, 3, 4, 5, 6, 8, 10, 11, 14, 15, 18, 19], "summary": {"covered_lines": 13, "num_statements": 13, "percent_covered": 100.0, "percent_covered_display": "100", "missing_lines": 0, "excluded_lines": 0}, "missing_lines": [], "excluded_lines": []}}, "classes": {"": {"executed_lines": [1, 2, 3, 4, 5, 6, 8, 10, 11, 12, 14, 15, 18, 19], "summary": {"covered_lines": 14, "num_statements": 16, "percent_covered": 87.5, "percent_covered_display": "88", "missing_lines": 2, "excluded_lines": 0}, "missing_lines": [16, 20], "excluded_lines": []}}}, "app/api/v1/plan_routes.py": {"executed_lines": [1, 2, 3, 4, 5, 6, 8, 10, 11, 12, 13, 15, 16, 17, 18, 19, 21, 22, 24, 25, 26, 27, 28, 29, 30, 32, 33, 34, 35, 36, 37], "summary": {"covered_lines": 31, "num_statements": 37, "percent_covered": 83.78378378378379, "percent_covered_display": "84", "missing_lines": 6, "excluded_lines": 0}, "missing_lines": [20, 38, 39, 40, 41, 42], "excluded_lines": [], "functions": {"list_planes": {"executed_lines": [12, 13], "summary": {"covered_lines": 2, "num_statements": 2, "percent_covered": 100.0, "percent_covered_display": "100", "missing_lines": 0, "excluded_lines": 0}, "missing_lines": [], "excluded_lines": []}, "create_plan": {"executed_lines": [17, 18, 19, 21, 22], "summary": {"covered_lines": 5, "num_statements": 6, "percent_covered": 83.33333333333333, "percent_covered_display": "83", "missing_lines": 1, "excluded_lines": 0}, "missing_lines": [20], "excluded_lines": []}, "get_plan": {"executed_lines": [26, 27, 28, 29, 30], "summary": {"covered_lines": 5, "num_statements": 5, "percent_covered": 100.0, "percent_covered_display": "100", "missing_lines": 0, "excluded_lines": 0}, "missing_lines": [], "excluded_lines": []}, "delete_plan": {"executed_lines": [34, 35, 36, 37], "summary": {"covered_lines": 4, "num_statements": 9, "percent_covered": 44.44444444444444, "percent_covered_display": "44", "missing_lines": 5, "excluded_lines": 0}, "missing_lines": [38, 39, 40, 41, 42], "excluded_lines": []}, "": {"executed_lines": [1, 2, 3, 4, 5, 6, 8, 10, 11, 15, 16, 24, 25, 32, 33], "summary": {"covered_lines": 15, "num_statements": 15, "percent_covered": 100.0, "percent_covered_display": "100", "missing_lines": 0, "excluded_lines": 0}, "missing_lines": [], "excluded_lines": []}}, "classes": {"": {"executed_lines": [1, 2, 3, 4, 5, 6, 8, 10, 11, 12, 13, 15, 16, 17, 18, 19, 21, 22, 24, 25, 26, 27, 28, 29, 30, 32, 33, 34, 35, 36, 37], "summary": {"covered_lines": 31, "num_statements": 37, "percent_covered": 83.78378378378379, "percent_covered_display": "84", "missing_lines": 6, "excluded_lines": 0}, "missing_lines": [20, 38, 39, 40, 41, 42], "excluded_lines": []}}}, "app/api/v1/producto_routes.py": {"executed_lines": [1, 2, 3, 4, 5, 6, 8, 10, 11, 12, 13, 15, 16, 17, 18, 19, 20, 21, 22, 24, 25, 36, 39, 40, 45, 47, 48, 51, 56, 58, 59, 63, 64, 65, 66, 67, 68, 69], "summary": {"covered_lines": 38, "num_statements": 40, "percent_covered": 95.0, "percent_covered_display": "95", "missing_lines": 2, "excluded_lines": 0}, "missing_lines": [60, 61], "excluded_lines": [], "functions": {"list_productos": {"executed_lines": [12, 13], "summary": {"covered_lines": 2, "num_statements": 2, "percent_covered": 100.0, "percent_covered_display": "100", "missing_lines": 0, "excluded_lines": 0}, "missing_lines": [], "excluded_lines": []}, "create_producto": {"executed_lines": [17, 18, 19, 20, 21, 22], "summary": {"covered_lines": 6, "num_statements": 6, "percent_covered": 100.0, "percent_covered_display": "100", "missing_lines": 0, "excluded_lines": 0}, "missing_lines": [], "excluded_lines": []}, "bulk_upload_productos": {"executed_lines": [36, 39, 40, 45, 47, 48, 51, 56, 58, 59], "summary": {"covered_lines": 10, "num_statements": 12, "percent_covered": 83.33333333333333, "percent_covered_display": "83", "missing_lines": 2, "excluded_lines": 0}, "missing_lines": [60, 61], "excluded_lines": []}, "get_producto": {"executed_lines": [65, 66, 67, 68, 69], "summary": {"covered_lines": 5, "num_statements": 5, "percent_covered": 100.0, "percent_covered_display": "100", "missing_lines": 0, "excluded_lines": 0}, "missing_lines": [], "excluded_lines": []}, "": {"executed_lines": [1, 2, 3, 4, 5, 6, 8, 10, 11, 15, 16, 24, 25, 63, 64], "summary": {"covered_lines": 15, "num_statements": 15, "percent_covered": 100.0, "percent_covered_display": "100", "missing_lines": 0, "excluded_lines": 0}, "missing_lines": [], "excluded_lines": []}}, "classes": {"": {"executed_lines": [1, 2, 3, 4, 5, 6, 8, 10, 11, 12, 13, 15, 16, 17, 18, 19, 20, 21, 22, 24, 25, 36, 39, 40, 45, 47, 48, 51, 56, 58, 59, 63, 64, 65, 66, 67, 68, 69], "summary": {"covered_lines": 38, "num_statements": 40, "percent_covered": 95.0, "percent_covered_display": "95", "missing_lines": 2, "excluded_lines": 0}, "missing_lines": [60, 61], "excluded_lines": []}}}, "app/api/v1/proveedor_routes.py": {"executed_lines": [1, 2, 3, 4, 5, 10, 12, 14, 15, 16, 17, 19, 20, 21, 22, 23, 25, 26, 27, 28, 29, 30, 31, 33, 34, 35, 36, 37, 39, 40, 42, 43, 44, 45, 46, 48, 49, 50, 51, 52], "summary": {"covered_lines": 40, "num_statements": 42, "percent_covered": 95.23809523809524, "percent_covered_display": "95", "missing_lines": 2, "excluded_lines": 0}, "missing_lines": [38, 47], "excluded_lines": [], "functions": {"list_proveedores": {"executed_lines": [16, 17], "summary": {"covered_lines": 2, "num_statements": 2, "percent_covered": 100.0, "percent_covered_display": "100", "missing_lines": 0, "excluded_lines": 0}, "missing_lines": [], "excluded_lines": []}, "create_proveedor": {"executed_lines": [21, 22, 23], "summary": {"covered_lines": 3, "num_statements": 3, "percent_covered": 100.0, "percent_covered_display": "100", "missing_lines": 0, "excluded_lines": 0}, "missing_lines": [], "excluded_lines": []}, "get_proveedor": {"executed_lines": [27, 28, 29, 30, 31], "summary": {"covered_lines": 5, "num_statements": 5, "percent_covered": 100.0, "percent_covered_display": "100", "missing_lines": 0, "excluded_lines": 0}, "missing_lines": [], "excluded_lines": []}, "update_proveedor": {"executed_lines": [35, 36, 37, 39, 40], "summary": {"covered_lines": 5, "num_statements": 6, "percent_covered": 83.33333333333333, "percent_covered_display": "83", "missing_lines": 1, "excluded_lines": 0}, "missing_lines": [38], "excluded_lines": []}, "delete_proveedor": {"executed_lines": [44, 45, 46, 48, 49, 50, 51, 52], "summary": {"covered_lines": 8, "num_statements": 9, "percent_covered": 88.88888888888889, "percent_covered_display": "89", "missing_lines": 1, "excluded_lines": 0}, "missing_lines": [47], "excluded_lines": []}, "": {"executed_lines": [1, 2, 3, 4, 5, 10, 12, 14, 15, 19, 20, 25, 26, 33, 34, 42, 43], "summary": {"covered_lines": 17, "num_statements": 17, "percent_covered": 100.0, "percent_covered_display": "100", "missing_lines": 0, "excluded_lines": 0}, "missing_lines": [], "excluded_lines": []}}, "classes": {"": {"executed_lines": [1, 2, 3, 4, 5, 10, 12, 14, 15, 16, 17, 19, 20, 21, 22, 23, 25, 26, 27, 28, 29, 30, 31, 33, 34, 35, 36, 37, 39, 40, 42, 43, 44, 45, 46, 48, 49, 50, 51, 52], "summary": {"covered_lines": 40, "num_statements": 42, "percent_covered": 95.23809523809524, "percent_covered_display": "95", "missing_lines": 2, "excluded_lines": 0}, "missing_lines": [38, 47], "excluded_lines": []}}}, "app/api/v1/report_routes.py": {"executed_lines": [1, 2, 3, 4, 5, 7, 9, 10, 11, 12], "summary": {"covered_lines": 10, "num_statements": 10, "percent_covered": 100.0, "percent_covered_display": "100", "missing_lines": 0, "excluded_lines": 0}, "missing_lines": [], "excluded_lines": [], "functions": {"consultar_reportes": {"executed_lines": [11, 12], "summary": {"covered_lines": 2, "num_statements": 2, "percent_covered": 100.0, "percent_covered_display": "100", "missing_lines": 0, "excluded_lines": 0}, "missing_lines": [], "excluded_lines": []}, "": {"executed_lines": [1, 2, 3, 4, 5, 7, 9, 10], "summary": {"covered_lines": 8, "num_statements": 8, "percent_covered": 100.0, "percent_covered_display": "100", "missing_lines": 0, "excluded_lines": 0}, "missing_lines": [], "excluded_lines": []}}, "classes": {"": {"executed_lines": [1, 2, 3, 4, 5, 7, 9, 10, 11, 12], "summary": {"covered_lines": 10, "num_statements": 10, "percent_covered": 100.0, "percent_covered_display": "100", "missing_lines": 0, "excluded_lines": 0}, "missing_lines": [], "excluded_lines": []}}}, "app/api/v1/user_lookup_routes.py": {"executed_lines": [1, 2, 3, 4, 5, 6, 7, 8, 10, 13, 14, 20, 21], "summary": {"covered_lines": 13, "num_statements": 17, "percent_covered": 76.47058823529412, "percent_covered_display": "76", "missing_lines": 4, "excluded_lines": 0}, "missing_lines": [16, 17, 23, 24], "excluded_lines": [], "functions": {"get_vendedores_by_user": {"executed_lines": [], "summary": {"covered_lines": 0, "num_statements": 2, "percent_covered": 0.0, "percent_covered_display": "0", "missing_lines": 2, "excluded_lines": 0}, "missing_lines": [16, 17], "excluded_lines": []}, "get_clientes_by_user": {"executed_lines": [], "summary": {"covered_lines": 0, "num_statements": 2, "percent_covered": 0.0, "percent_covered_display": "0", "missing_lines": 2, "excluded_lines": 0}, "missing_lines": [23, 24], "excluded_lines": []}, "": {"executed_lines": [1, 2, 3, 4, 5, 6, 7, 8, 10, 13, 14, 20, 21], "summary": {"covered_lines": 13, "num_statements": 13, "percent_covered": 100.0, "percent_covered_display": "100", "missing_lines": 0, "excluded_lines": 0}, "missing_lines": [], "excluded_lines": []}}, "classes": {"": {"executed_lines": [1, 2, 3, 4, 5, 6, 7, 8, 10, 13, 14, 20, 21], "summary": {"covered_lines": 13, "num_statements": 17, "percent_covered": 76.47058823529412, "percent_covered_display": "76", "missing_lines": 4, "excluded_lines": 0}, "missing_lines": [16, 17, 23, 24], "excluded_lines": []}}}, "app/api/v1/vendedor_routes.py": {"executed_lines": [1, 2, 3, 4, 5, 6, 7, 8, 9, 10, 13, 15, 16, 17, 18, 20, 21, 22, 23, 24, 28, 29, 31, 35, 36, 37, 38, 39, 40, 41, 44, 45, 50, 51, 52, 55, 56, 72, 73, 74, 75, 76, 77, 78, 79, 82], "summary": {"covered_lines": 46, "num_statements": 58, "percent_covered": 79.3103448275862, "percent_covered_display": "79", "missing_lines": 12, "excluded_lines": 0}, "missing_lines": [32, 33, 63, 64, 65, 66, 67, 68, 69, 70, 80, 81], "excluded_lines": [], "functions": {"list_vendedores": {"executed_lines": [17, 18], "summary": {"covered_lines": 2, "num_statements": 2, "percent_covered": 100.0, "percent_covered_display": "100", "missing_lines": 0, "excluded_lines": 0}, "missing_lines": [], "excluded_lines": []}, "create_vendedor": {"executed_lines": [22, 23, 24, 28, 29, 31], "summary": {"covered_lines": 6, "num_statements": 8, "percent_covered": 75.0, "percent_covered_display": "75", "missing_lines": 2, "excluded_lines": 0}, "missing_lines": [32, 33], "excluded_lines": []}, "get_vendedor": {"executed_lines": [37, 38, 39, 40, 41], "summary": {"covered_lines": 5, "num_statements": 5, "percent_covered": 100.0, "percent_covered_display": "100", "missing_lines": 0, "excluded_lines": 0}, "missing_lines": [], "excluded_lines": []}, "get_clientes_por_vendedor": {"executed_lines": [50, 51, 52], "summary": {"covered_lines": 3, "num_statements": 3, "percent_covered": 100.0, "percent_covered_display": "100", "missing_lines": 0, "excluded_lines": 0}, "missing_lines": [], "excluded_lines": []}, "create_cliente_for_vendedor": {"executed_lines": [], "summary": {"covered_lines": 0, "num_statements": 8, "percent_covered": 0.0, "percent_covered_display": "0", "missing_lines": 8, "excluded_lines": 0}, "missing_lines": [63, 64, 65, 66, 67, 68, 69, 70], "excluded_lines": []}, "delete_vendedor": {"executed_lines": [74, 75, 76, 77, 78, 79, 82], "summary": {"covered_lines": 7, "num_statements": 9, "percent_covered": 77.77777777777777, "percent_covered_display": "78", "missing_lines": 2, "excluded_lines": 0}, "missing_lines": [80, 81], "excluded_lines": []}, "": {"executed_lines": [1, 2, 3, 4, 5, 6, 7, 8, 9, 10, 13, 15, 16, 20, 21, 35, 36, 44, 45, 55, 56, 72, 73], "summary": {"covered_lines": 23, "num_statements": 23, "percent_covered": 100.0, "percent_covered_display": "100", "missing_lines": 0, "excluded_lines": 0}, "missing_lines": [], "excluded_lines": []}}, "classes": {"": {"executed_lines": [1, 2, 3, 4, 5, 6, 7, 8, 9, 10, 13, 15, 16, 17, 18, 20, 21, 22, 23, 24, 28, 29, 31, 35, 36, 37, 38, 39, 40, 41, 44, 45, 50, 51, 52, 55, 56, 72, 73, 74, 75, 76, 77, 78, 79, 82], "summary": {"covered_lines": 46, "num_statements": 58, "percent_covered": 79.3103448275862, "percent_covered_display": "79", "missing_lines": 12, "excluded_lines": 0}, "missing_lines": [32, 33, 63, 64, 65, 66, 67, 68, 69, 70, 80, 81], "excluded_lines": []}}}, "app/api/v1/visita_routes.py": {"executed_lines": [1, 2, 3, 4, 5, 6, 7, 8, 9, 10, 11, 13, 16, 17, 28, 32, 33, 34, 36, 39, 40, 41, 50, 55, 56, 57, 69, 72, 73, 74, 75, 86, 93, 95, 100, 101, 113, 117, 118, 119, 120, 121, 122, 126, 128, 131, 132, 139, 140, 141, 146, 149, 150, 151, 152, 153, 154, 163], "summary": {"covered_lines": 58, "num_statements": 75, "percent_covered": 77.33333333333333, "percent_covered_display": "77", "missing_lines": 17, "excluded_lines": 0}, "missing_lines": [29, 44, 48, 52, 114, 124, 125, 133, 142, 143, 147, 155, 156, 158, 159, 160, 161], "excluded_lines": [], "functions": {"get_ruta_visitas": {"executed_lines": [28, 32, 33, 34, 36, 39, 40, 41, 50, 55, 56, 57, 69, 72, 73, 74, 75, 86, 93, 95], "summary": {"covered_lines": 20, "num_statements": 24, "percent_covered": 83.33333333333333, "percent_covered_display": "83", "missing_lines": 4, "excluded_lines": 0}, "missing_lines": [29, 44, 48, 52], "excluded_lines": []}, "registrar_visita": {"executed_lines": [113, 117, 128, 131, 132, 139, 140, 141, 146, 149, 150, 151, 152, 153, 154, 163], "summary": {"covered_lines": 16, "num_statements": 27, "percent_covered": 59.25925925925926, "percent_covered_display": "59", "missing_lines": 11, "excluded_lines": 0}, "missing_lines": [114, 133, 142, 143, 147, 155, 156, 158, 159, 160, 161], "excluded_lines": []}, "registrar_visita._user_email_and_admin": {"executed_lines": [118, 119, 120, 121, 122, 126], "summary": {"covered_lines": 6, "num_statements": 8, "percent_covered": 75.0, "percent_covered_display": "75", "missing_lines": 2, "excluded_lines": 0}, "missing_lines": [124, 125], "excluded_lines": []}, "": {"executed_lines": [1, 2, 3, 4, 5, 6, 7, 8, 9, 10, 11, 13, 16, 17, 100, 101], "summary": {"covered_lines": 16, "num_statements": 16, "percent_covered": 100.0, "percent_covered_display": "100", "missing_lines": 0, "excluded_lines": 0}, "missing_lines": [], "excluded_lines": []}}, "classes": {"": {"executed_lines": [1, 2, 3, 4, 5, 6, 7, 8, 9, 10, 11, 13, 16, 17, 28, 32, 33, 34, 36, 39, 40, 41, 50, 55, 56, 57, 69, 72, 73, 74, 75, 86, 93, 95, 100, 101, 113, 117, 118, 119, 120, 121, 122, 126, 128, 131, 132, 139, 140, 141, 146, 149, 150, 151, 152, 153, 154, 163], "summary": {"covered_lines": 58, "num_statements": 75, "percent_covered": 77.33333333333333, "percent_covered_display": "77", "missing_lines": 17, "excluded_lines": 0}, "missing_lines": [29, 44, 48, 52, 114, 124, 125, 133, 142, 143, 147, 155, 156, 158, 159, 160, 161], "excluded_lines": []}}}, "app/core/__init__.py": {"executed_lines": [0], "summary": {"covered_lines": 0, "num_statements": 0, "percent_covered": 100.0, "percent_covered_display": "100", "missing_lines": 0, "excluded_lines": 0}, "missing_lines": [], "excluded_lines": [], "functions": {"": {"executed_lines": [], "summary": {"covered_lines": 0, "num_statements": 0, "percent_covered": 100.0, "percent_covered_display": "100", "missing_lines": 0, "excluded_lines": 0}, "missing_lines": [], "excluded_lines": []}}, "classes": {"": {"executed_lines": [], "summary": {"covered_lines": 0, "num_statements": 0, "percent_covered": 100.0, "percent_covered_display": "100", "missing_lines": 0, "excluded_lines": 0}, "missing_lines": [], "excluded_lines": []}}}, "app/core/auth.py": {"executed_lines": [1, 2, 3, 4, 7, 17, 22, 25, 26, 27, 28, 29, 31, 33, 34, 38], "summary": {"covered_lines": 16, "num_statements": 29, "percent_covered": 55.172413793103445, "percent_covered_display": "55", "missing_lines": 13, "excluded_lines": 0}, "missing_lines": [23, 35, 44, 45, 46, 48, 49, 50, 52, 53, 54, 55, 57], "excluded_lines": [], "functions": {"verify_token_with_user_service": {"executed_lines": [22, 25, 26, 27, 28, 29, 31, 33, 34], "summary": {"covered_lines": 9, "num_statements": 11, "percent_covered": 81.81818181818181, "percent_covered_display": "82", "missing_lines": 2, "excluded_lines": 0}, "missing_lines": [23, 35], "excluded_lines": []}, "require_auth": {"executed_lines": [], "summary": {"covered_lines": 0, "num_statements": 11, "percent_covered": 0.0, "percent_covered_display": "0", "missing_lines": 11, "excluded_lines": 0}, "missing_lines": [44, 45, 46, 48, 49, 50, 52, 53, 54, 55, 57], "excluded_lines": []}, "": {"executed_lines": [1, 2, 3, 4, 7, 17, 38], "summary": {"covered_lines": 7, "num_statements": 7, "percent_covered": 100.0, "percent_covered_display": "100", "missing_lines": 0, "excluded_lines": 0}, "missing_lines": [], "excluded_lines": []}}, "classes": {"": {"executed_lines": [1, 2, 3, 4, 7, 17, 22, 25, 26, 27, 28, 29, 31, 33, 34, 38], "summary": {"covered_lines": 16, "num_statements": 29, "percent_covered": 55.172413793103445, "percent_covered_display": "55", "missing_lines": 13, "excluded_lines": 0}, "missing_lines": [23, 35, 44, 45, 46, 48, 49, 50, 52, 53, 54, 55, 57], "excluded_lines": []}}}, "app/core/config.py": {"executed_lines": [1, 2, 4, 9, 13, 14, 16, 18, 19, 20, 21, 22, 23, 24, 25, 27, 28, 30], "summary": {"covered_lines": 18, "num_statements": 18, "percent_covered": 100.0, "percent_covered_display": "100", "missing_lines": 0, "excluded_lines": 0}, "missing_lines": [], "excluded_lines": [], "functions": {"": {"executed_lines": [1, 2, 4, 9, 13, 14, 16, 18, 19, 20, 21, 22, 23, 24, 25, 27, 28, 30], "summary": {"covered_lines": 18, "num_statements": 18, "percent_covered": 100.0, "percent_covered_display": "100", "missing_lines": 0, "excluded_lines": 0}, "missing_lines": [], "excluded_lines": []}}, "classes": {"Settings": {"executed_lines": [], "summary": {"covered_lines": 0, "num_statements": 0, "percent_covered": 100.0, "percent_covered_display": "100", "missing_lines": 0, "excluded_lines": 0}, "missing_lines": [], "excluded_lines": []}, "Settings.Config": {"executed_lines": [], "summary": {"covered_lines": 0, "num_statements": 0, "percent_covered": 100.0, "percent_covered_display": "100", "missing_lines": 0, "excluded_lines": 0}, "missing_lines": [], "excluded_lines": []}, "": {"executed_lines": [1, 2, 4, 9, 13, 14, 16, 18, 19, 20, 21, 22, 23, 24, 25, 27, 28, 30], "summary": {"covered_lines": 18, "num_statements": 18, "percent_covered": 100.0, "percent_covered_display": "100", "missing_lines": 0, "excluded_lines": 0}, "missing_lines": [], "excluded_lines": []}}}, "app/core/database.py": {"executed_lines": [1, 2, 3, 6, 11, 14, 18, 19, 20, 21, 23, 26, 32, 35, 36, 43, 44, 45, 46, 47, 48, 49, 51, 52, 53, 58, 59, 60, 61, 62, 63, 64], "summary": {"covered_lines": 32, "num_statements": 40, "percent_covered": 80.0, "percent_covered_display": "80", "missing_lines": 8, "excluded_lines": 0}, "missing_lines": [37, 39, 54, 56, 65, 66, 67, 69], "excluded_lines": [], "functions": {"get_db": {"executed_lines": [19, 20, 21, 23], "summary": {"covered_lines": 4, "num_statements": 4, "percent_covered": 100.0, "percent_covered_display": "100", "missing_lines": 0, "excluded_lines": 0}, "missing_lines": [], "excluded_lines": []}, "create_tables": {"executed_lines": [32, 35, 36, 43, 44, 45, 46, 47, 48, 49, 51, 52, 53, 58, 59, 60, 61, 62, 63, 64], "summary": {"covered_lines": 20, "num_statements": 28, "percent_covered": 71.42857142857143, "percent_covered_display": "71", "missing_lines": 8, "excluded_lines": 0}, "missing_lines": [37, 39, 54, 56, 65, 66, 67, 69], "excluded_lines": []}, "": {"executed_lines": [1, 2, 3, 6, 11, 14, 18, 26], "summary": {"covered_lines": 8, "num_statements": 8, "percent_covered": 100.0, "percent_covered_display": "100", "missing_lines": 0, "excluded_lines": 0}, "missing_lines": [], "excluded_lines": []}}, "classes": {"": {"executed_lines": [1, 2, 3, 6, 11, 14, 18, 19, 20, 21, 23, 26, 32, 35, 36, 43, 44, 45, 46, 47, 48, 49, 51, 52, 53, 58, 59, 60, 61, 62, 63, 64], "summary": {"covered_lines": 32, "num_statements": 40, "percent_covered": 80.0, "percent_covered_display": "80", "missing_lines": 8, "excluded_lines": 0}, "missing_lines": [37, 39, 54, 56, 65, 66, 67, 69], "excluded_lines": []}}}, "app/core/dependencies.py": {"executed_lines": [2, 3, 4, 5, 6, 7, 8, 15, 18, 28, 29, 32, 33, 38, 39, 47, 48, 49, 51, 52, 54, 56, 57, 59, 62, 71, 72, 84, 97, 172], "summary": {"covered_lines": 30, "num_statements": 90, "percent_covered": 33.333333333333336, "percent_covered_display": "33", "missing_lines": 60, "excluded_lines": 0}, "missing_lines": [34, 41, 42, 44, 50, 53, 58, 74, 75, 77, 78, 79, 80, 81, 99, 100, 101, 102, 103, 106, 107, 108, 110, 111, 112, 114, 117, 118, 119, 120, 122, 123, 124, 125, 126, 127, 128, 130, 132, 133, 134, 135, 136, 138, 139, 140, 141, 142, 144, 145, 148, 149, 152, 153, 156, 157, 160, 161, 168, 170], "excluded_lines": [], "functions": {"get_current_user": {"executed_lines": [28, 29, 32, 33, 38, 39, 47, 48, 49, 51, 52, 54, 56, 57, 59], "summary": {"covered_lines": 15, "num_statements": 22, "percent_covered": 68.18181818181819, "percent_covered_display": "68", "missing_lines": 7, "excluded_lines": 0}, "missing_lines": [34, 41, 42, 44, 50, 53, 58], "excluded_lines": []}, "require_auth_security": {"executed_lines": [71, 72], "summary": {"covered_lines": 2, "num_statements": 9, "percent_covered": 22.22222222222222, "percent_covered_display": "22", "missing_lines": 7, "excluded_lines": 0}, "missing_lines": [74, 75, 77, 78, 79, 80, 81], "excluded_lines": []}, "require_roles": {"executed_lines": [97, 172], "summary": {"covered_lines": 2, "num_statements": 2, "percent_covered": 100.0, "percent_covered_display": "100", "missing_lines": 0, "excluded_lines": 0}, "missing_lines": [], "excluded_lines": []}, "require_roles._dep": {"executed_lines": [], "summary": {"covered_lines": 0, "num_statements": 46, "percent_covered": 0.0, "percent_covered_display": "0", "missing_lines": 46, "excluded_lines": 0}, "missing_lines": [99, 100, 101, 102, 103, 106, 107, 108, 110, 111, 112, 114, 117, 118, 119, 120, 122, 123, 124, 125, 126, 127, 128, 130, 132, 133, 134, 135, 136, 138, 139, 140, 141, 142, 144, 145, 148, 149, 152, 153, 156, 157, 160, 161, 168, 170], "excluded_lines": []}, "": {"executed_lines": [2, 3, 4, 5, 6, 7, 8, 15, 18, 62, 84], "summary": {"covered_lines": 11, "num_statements": 11, "percent_covered": 100.0, "percent_covered_display": "100", "missing_lines": 0, "excluded_lines": 0}, "missing_lines": [], "excluded_lines": []}}, "classes": {"": {"executed_lines": [2, 3, 4, 5, 6, 7, 8, 15, 18, 28, 29, 32, 33, 38, 39, 47, 48, 49, 51, 52, 54, 56, 57, 59, 62, 71, 72, 84, 97, 172], "summary": {"covered_lines": 30, "num_statements": 90, "percent_covered": 33.333333333333336, "percent_covered_display": "33", "missing_lines": 60, "excluded_lines": 0}, "missing_lines": [34, 41, 42, 44, 50, 53, 58, 74, 75, 77, 78, 79, 80, 81, 99, 100, 101, 102, 103, 106, 107, 108, 110, 111, 112, 114, 117, 118, 119, 120, 122, 123, 124, 125, 126, 127, 128, 130, 132, 133, 134, 135, 136, 138, 139, 140, 141, 142, 144, 145, 148, 149, 152, 153, 156, 157, 160, 161, 168, 170], "excluded_lines": []}}}, "app/core/seed_data.py": {"executed_lines": [1, 2, 3, 4, 5, 6, 7, 8, 9, 10, 14], "summary": {"covered_lines": 11, "num_statements": 74, "percent_covered": 14.864864864864865, "percent_covered_display": "15", "missing_lines": 63, "excluded_lines": 0}, "missing_lines": [15, 16, 17, 20, 21, 22, 28, 29, 30, 33, 34, 35, 41, 42, 45, 46, 47, 54, 55, 58, 59, 60, 66, 67, 70, 71, 72, 102, 103, 106, 107, 109, 177, 178, 182, 183, 184, 198, 199, 202, 203, 204, 224, 225, 228, 229, 230, 252, 253, 255, 258, 259, 260, 261, 262, 267, 268, 270, 271, 272, 273, 274, 276], "excluded_lines": [], "functions": {"seed_data": {"executed_lines": [], "summary": {"covered_lines": 0, "num_statements": 63, "percent_covered": 0.0, "percent_covered_display": "0", "missing_lines": 63, "excluded_lines": 0}, "missing_lines": [15, 16, 17, 20, 21, 22, 28, 29, 30, 33, 34, 35, 41, 42, 45, 46, 47, 54, 55, 58, 59, 60, 66, 67, 70, 71, 72, 102, 103, 106, 107, 109, 177, 178, 182, 183, 184, 198, 199, 202, 203, 204, 224, 225, 228, 229, 230, 252, 253, 255, 258, 259, 260, 261, 262, 267, 268, 270, 271, 272, 273, 274, 276], "excluded_lines": []}, "": {"executed_lines": [1, 2, 3, 4, 5, 6, 7, 8, 9, 10, 14], "summary": {"covered_lines": 11, "num_statements": 11, "percent_covered": 100.0, "percent_covered_display": "100", "missing_lines": 0, "excluded_lines": 0}, "missing_lines": [], "excluded_lines": []}}, "classes": {"": {"executed_lines": [1, 2, 3, 4, 5, 6, 7, 8, 9, 10, 14], "summary": {"covered_lines": 11, "num_statements": 74, "percent_covered": 14.864864864864865, "percent_covered_display": "15", "missing_lines": 63, "excluded_lines": 0}, "missing_lines": [15, 16, 17, 20, 21, 22, 28, 29, 30, 33, 34, 35, 41, 42, 45, 46, 47, 54, 55, 58, 59, 60, 66, 67, 70, 71, 72, 102, 103, 106, 107, 109, 177, 178, 182, 183, 184, 198, 199, 202, 203, 204, 224, 225, 228, 229, 230, 252, 253, 255, 258, 259, 260, 261, 262, 267, 268, 270, 271, 272, 273, 274, 276], "excluded_lines": []}}}, "app/main.py": {"executed_lines": [1, 2, 3, 4, 5, 6, 7, 8, 9, 10, 11, 12, 13, 16, 21, 24, 27, 33, 36, 37, 39, 40, 42, 43, 45, 47, 49, 50, 55, 56, 57, 58, 66, 68, 69, 70, 71, 75, 76, 77, 78, 94, 96, 106, 114, 115, 116, 117, 118, 119, 120, 121, 124, 125, 131, 133, 141, 142, 145, 147, 156, 158, 159, 167, 168, 251, 252, 258, 259, 273, 274, 276, 277, 280, 282, 283, 296], "summary": {"covered_lines": 77, "num_statements": 145, "percent_covered": 53.10344827586207, "percent_covered_display": "53", "missing_lines": 68, "excluded_lines": 0}, "missing_lines": [34, 65, 72, 73, 80, 82, 83, 84, 85, 86, 88, 90, 149, 150, 152, 153, 154, 160, 170, 171, 173, 175, 177, 178, 179, 186, 187, 189, 190, 191, 192, 193, 194, 196, 198, 200, 201, 208, 209, 210, 211, 212, 213, 214, 215, 217, 218, 219, 230, 236, 237, 238, 239, 240, 262, 264, 265, 268, 270, 284, 285, 287, 288, 289, 290, 291, 292, 293], "excluded_lines": [], "functions": {"ensure_tables_exist": {"executed_lines": [33, 36, 37, 39, 40, 42, 43, 45, 47, 49, 50, 55, 56, 57, 58, 66, 68, 69, 70, 71, 75, 76, 77, 78], "summary": {"covered_lines": 24, "num_statements": 36, "percent_covered": 66.66666666666667, "percent_covered_display": "67", "missing_lines": 12, "excluded_lines": 0}, "missing_lines": [34, 65, 72, 73, 80, 82, 83, 84, 85, 86, 88, 90], "excluded_lines": []}, "auth_middleware": {"executed_lines": [131, 133, 141, 142, 145, 147, 156], "summary": {"covered_lines": 7, "num_statements": 12, "percent_covered": 58.333333333333336, "percent_covered_display": "58", "missing_lines": 5, "excluded_lines": 0}, "missing_lines": [149, 150, 152, 153, 154], "excluded_lines": []}, "root": {"executed_lines": [], "summary": {"covered_lines": 0, "num_statements": 1, "percent_covered": 0.0, "percent_covered_display": "0", "missing_lines": 1, "excluded_lines": 0}, "missing_lines": [160], "excluded_lines": []}, "healthz": {"executed_lines": [], "summary": {"covered_lines": 0, "num_statements": 36, "percent_covered": 0.0, "percent_covered_display": "0", "missing_lines": 36, "excluded_lines": 0}, "missing_lines": [170, 171, 173, 175, 177, 178, 179, 186, 187, 189, 190, 191, 192, 193, 194, 196, 198, 200, 201, 208, 209, 210, 211, 212, 213, 214, 215, 217, 218, 219, 230, 236, 237, 238, 239, 240], "excluded_lines": []}, "ensure_tables_middleware": {"executed_lines": [258, 259], "summary": {"covered_lines": 2, "num_statements": 7, "percent_covered": 28.571428571428573, "percent_covered_display": "29", "missing_lines": 5, "excluded_lines": 0}, "missing_lines": [262, 264, 265, 268, 270], "excluded_lines": []}, "startup_event": {"executed_lines": [276, 277, 280, 282, 296], "summary": {"covered_lines": 5, "num_statements": 5, "percent_covered": 100.0, "percent_covered_display": "100", "missing_lines": 0, "excluded_lines": 0}, "missing_lines": [], "excluded_lines": []}, "startup_event.retry_create_tables_and_seed": {"executed_lines": [283], "summary": {"covered_lines": 1, "num_statements": 10, "percent_covered": 10.0, "percent_covered_display": "10", "missing_lines": 9, "excluded_lines": 0}, "missing_lines": [284, 285, 287, 288, 289, 290, 291, 292, 293], "excluded_lines": []}, "": {"executed_lines": [1, 2, 3, 4, 5, 6, 7, 8, 9, 10, 11, 12, 13, 16, 21, 24, 27, 94, 96, 106, 114, 115, 116, 117, 118, 119, 120, 121, 124, 125, 158, 159, 167, 168, 251, 252, 273, 274], "summary": {"covered_lines": 38, "num_statements": 38, "percent_covered": 100.0, "percent_covered_display": "100", "missing_lines": 0, "excluded_lines": 0}, "missing_lines": [], "excluded_lines": []}}, "classes": {"": {"executed_lines": [1, 2, 3, 4, 5, 6, 7, 8, 9, 10, 11, 12, 13, 16, 21, 24, 27, 33, 36, 37, 39, 40, 42, 43, 45, 47, 49, 50, 55, 56, 57, 58, 66, 68, 69, 70, 71, 75, 76, 77, 78, 94, 96, 106, 114, 115, 116, 117, 118, 119, 120, 121, 124, 125, 131, 133, 141, 142, 145, 147, 156, 158, 159, 167, 168, 251, 252, 258, 259, 273, 274, 276, 277, 280, 282, 283, 296], "summary": {"covered_lines": 77, "num_statements": 145, "percent_covered": 53.10344827586207, "percent_covered_display": "53", "missing_lines": 68, "excluded_lines": 0}, "missing_lines": [34, 65, 72, 73, 80, 82, 83, 84, 85, 86, 88, 90, 149, 150, 152, 153, 154, 160, 170, 171, 173, 175, 177, 178, 179, 186, 187, 189, 190, 191, 192, 193, 194, 196, 198, 200, 201, 208, 209, 210, 211, 212, 213, 214, 215, 217, 218, 219, 230, 236, 237, 238, 239, 240, 262, 264, 265, 268, 270, 284, 285, 287, 288, 289, 290, 291, 292, 293], "excluded_lines": []}}}, "app/models/__init__.py": {"executed_lines": [2], "summary": {"covered_lines": 1, "num_statements": 1, "percent_covered": 100.0, "percent_covered_display": "100", "missing_lines": 0, "excluded_lines": 0}, "missing_lines": [], "excluded_lines": [], "functions": {"": {"executed_lines": [2], "summary": {"covered_lines": 1, "num_statements": 1, "percent_covered": 100.0, "percent_covered_display": "100", "missing_lines": 0, "excluded_lines": 0}, "missing_lines": [], "excluded_lines": []}}, "classes": {"": {"executed_lines": [2], "summary": {"covered_lines": 1, "num_statements": 1, "percent_covered": 100.0, "percent_covered_display": "100", "missing_lines": 0, "excluded_lines": 0}, "missing_lines": [], "excluded_lines": []}}}, "app/models/catalogs.py": {"executed_lines": [1, 2, 4, 5, 6, 7, 9, 10, 11, 12, 13, 15, 16, 17, 18], "summary": {"covered_lines": 15, "num_statements": 15, "percent_covered": 100.0, "percent_covered_display": "100", "missing_lines": 0, "excluded_lines": 0}, "missing_lines": [], "excluded_lines": [], "functions": {"": {"executed_lines": [1, 2, 4, 5, 6, 7, 9, 10, 11, 12, 13, 15, 16, 17, 18], "summary": {"covered_lines": 15, "num_statements": 15, "percent_covered": 100.0, "percent_covered_display": "100", "missing_lines": 0, "excluded_lines": 0}, "missing_lines": [], "excluded_lines": []}}, "classes": {"Pais": {"executed_lines": [], "summary": {"covered_lines": 0, "num_statements": 0, "percent_covered": 100.0, "percent_covered_display": "100", "missing_lines": 0, "excluded_lines": 0}, "missing_lines": [], "excluded_lines": []}, "Certificacion": {"executed_lines": [], "summary": {"covered_lines": 0, "num_statements": 0, "percent_covered": 100.0, "percent_covered_display": "100", "missing_lines": 0, "excluded_lines": 0}, "missing_lines": [], "excluded_lines": []}, "CategoriaSuministro": {"executed_lines": [], "summary": {"covered_lines": 0, "num_statements": 0, "percent_covered": 100.0, "percent_covered_display": "100", "missing_lines": 0, "excluded_lines": 0}, "missing_lines": [], "excluded_lines": []}, "": {"executed_lines": [1, 2, 4, 5, 6, 7, 9, 10, 11, 12, 13, 15, 16, 17, 18], "summary": {"covered_lines": 15, "num_statements": 15, "percent_covered": 100.0, "percent_covered_display": "100", "missing_lines": 0, "excluded_lines": 0}, "missing_lines": [], "excluded_lines": []}}}, "app/models/client.py": {"executed_lines": [1, 2, 3, 6, 7, 9, 10, 12, 13, 14, 15, 17], "summary": {"covered_lines": 12, "num_statements": 12, "percent_covered": 100.0, "percent_covered_display": "100", "missing_lines": 0, "excluded_lines": 0}, "missing_lines": [], "excluded_lines": [], "functions": {"": {"executed_lines": [1, 2, 3, 6, 7, 9, 10, 12, 13, 14, 15, 17], "summary": {"covered_lines": 12, "num_statements": 12, "percent_covered": 100.0, "percent_covered_display": "100", "missing_lines": 0, "excluded_lines": 0}, "missing_lines": [], "excluded_lines": []}}, "classes": {"Cliente": {"executed_lines": [], "summary": {"covered_lines": 0, "num_statements": 0, "percent_covered": 100.0, "percent_covered_display": "100", "missing_lines": 0, "excluded_lines": 0}, "missing_lines": [], "excluded_lines": []}, "": {"executed_lines": [1, 2, 3, 6, 7, 9, 10, 12, 13, 14, 15, 17], "summary": {"covered_lines": 12, "num_statements": 12, "percent_covered": 100.0, "percent_covered_display": "100", "missing_lines": 0, "excluded_lines": 0}, "missing_lines": [], "excluded_lines": []}}}, "app/models/pedido.py": {"executed_lines": [1, 2, 3, 5, 6, 8, 9, 10, 11, 12, 13, 14, 15, 17, 18, 19], "summary": {"covered_lines": 16, "num_statements": 16, "percent_covered": 100.0, "percent_covered_display": "100", "missing_lines": 0, "excluded_lines": 0}, "missing_lines": [], "excluded_lines": [], "functions": {"": {"executed_lines": [1, 2, 3, 5, 6, 8, 9, 10, 11, 12, 13, 14, 15, 17, 18, 19], "summary": {"covered_lines": 16, "num_statements": 16, "percent_covered": 100.0, "percent_covered_display": "100", "missing_lines": 0, "excluded_lines": 0}, "missing_lines": [], "excluded_lines": []}}, "classes": {"Pedido": {"executed_lines": [], "summary": {"covered_lines": 0, "num_statements": 0, "percent_covered": 100.0, "percent_covered_display": "100", "missing_lines": 0, "excluded_lines": 0}, "missing_lines": [], "excluded_lines": []}, "": {"executed_lines": [1, 2, 3, 5, 6, 8, 9, 10, 11, 12, 13, 14, 15, 17, 18, 19], "summary": {"covered_lines": 16, "num_statements": 16, "percent_covered": 100.0, "percent_covered_display": "100", "missing_lines": 0, "excluded_lines": 0}, "missing_lines": [], "excluded_lines": []}}}, "app/models/plan_venta.py": {"executed_lines": [1, 2, 3, 5, 6, 7, 8, 11, 12, 13, 14, 15, 16, 17, 18, 20, 21, 22, 23, 24, 25, 26, 27, 28, 29], "summary": {"covered_lines": 25, "num_statements": 25, "percent_covered": 100.0, "percent_covered_display": "100", "missing_lines": 0, "excluded_lines": 0}, "missing_lines": [], "excluded_lines": [], "functions": {"": {"executed_lines": [1, 2, 3, 5, 6, 7, 8, 11, 12, 13, 14, 15, 16, 17, 18, 20, 21, 22, 23, 24, 25, 26, 27, 28, 29], "summary": {"covered_lines": 25, "num_statements": 25, "percent_covered": 100.0, "percent_covered_display": "100", "missing_lines": 0, "excluded_lines": 0}, "missing_lines": [], "excluded_lines": []}}, "classes": {"PlanVenta": {"executed_lines": [], "summary": {"covered_lines": 0, "num_statements": 0, "percent_covered": 100.0, "percent_covered_display": "100", "missing_lines": 0, "excluded_lines": 0}, "missing_lines": [], "excluded_lines": []}, "PlanVentaAuditoria": {"executed_lines": [], "summary": {"covered_lines": 0, "num_statements": 0, "percent_covered": 100.0, "percent_covered_display": "100", "missing_lines": 0, "excluded_lines": 0}, "missing_lines": [], "excluded_lines": []}, "": {"executed_lines": [1, 2, 3, 5, 6, 7, 8, 11, 12, 13, 14, 15, 16, 17, 18, 20, 21, 22, 23, 24, 25, 26, 27, 28, 29], "summary": {"covered_lines": 25, "num_statements": 25, "percent_covered": 100.0, "percent_covered_display": "100", "missing_lines": 0, "excluded_lines": 0}, "missing_lines": [], "excluded_lines": []}}}, "app/models/product.py": {"executed_lines": [1, 2, 3, 5, 6, 7, 8, 9, 10, 11, 12, 13, 14, 15, 16, 17, 18, 19, 20, 21, 22, 24, 25, 26, 27, 28, 29, 30, 31, 32, 33, 34], "summary": {"covered_lines": 32, "num_statements": 32, "percent_covered": 100.0, "percent_covered_display": "100", "missing_lines": 0, "excluded_lines": 0}, "missing_lines": [], "excluded_lines": [], "functions": {"": {"executed_lines": [1, 2, 3, 5, 6, 7, 8, 9, 10, 11, 12, 13, 14, 15, 16, 17, 18, 19, 20, 21, 22, 24, 25, 26, 27, 28, 29, 30, 31, 32, 33, 34], "summary": {"covered_lines": 32, "num_statements": 32, "percent_covered": 100.0, "percent_covered_display": "100", "missing_lines": 0, "excluded_lines": 0}, "missing_lines": [], "excluded_lines": []}}, "classes": {"Producto": {"executed_lines": [], "summary": {"covered_lines": 0, "num_statements": 0, "percent_covered": 100.0, "percent_covered_display": "100", "missing_lines": 0, "excluded_lines": 0}, "missing_lines": [], "excluded_lines": []}, "ProductoAuditoria": {"executed_lines": [], "summary": {"covered_lines": 0, "num_statements": 0, "percent_covered": 100.0, "percent_covered_display": "100", "missing_lines": 0, "excluded_lines": 0}, "missing_lines": [], "excluded_lines": []}, "": {"executed_lines": [1, 2, 3, 5, 6, 7, 8, 9, 10, 11, 12, 13, 14, 15, 16, 17, 18, 19, 20, 21, 22, 24, 25, 26, 27, 28, 29, 30, 31, 32, 33, 34], "summary": {"covered_lines": 32, "num_statements": 32, "percent_covered": 100.0, "percent_covered_display": "100", "missing_lines": 0, "excluded_lines": 0}, "missing_lines": [], "excluded_lines": []}}}, "app/models/proveedor.py": {"executed_lines": [1, 2, 3, 5, 6, 7, 8, 9, 10, 11, 12, 13, 14, 15, 16, 17, 18, 19, 20, 21, 22, 24, 25, 26, 27, 28, 29, 30, 31, 32, 33, 34, 35], "summary": {"covered_lines": 33, "num_statements": 33, "percent_covered": 100.0, "percent_covered_display": "100", "missing_lines": 0, "excluded_lines": 0}, "missing_lines": [], "excluded_lines": [], "functions": {"": {"executed_lines": [1, 2, 3, 5, 6, 7, 8, 9, 10, 11, 12, 13, 14, 15, 16, 17, 18, 19, 20, 21, 22, 24, 25, 26, 27, 28, 29, 30, 31, 32, 33, 34, 35], "summary": {"covered_lines": 33, "num_statements": 33, "percent_covered": 100.0, "percent_covered_display": "100", "missing_lines": 0, "excluded_lines": 0}, "missing_lines": [], "excluded_lines": []}}, "classes": {"Proveedor": {"executed_lines": [], "summary": {"covered_lines": 0, "num_statements": 0, "percent_covered": 100.0, "percent_covered_display": "100", "missing_lines": 0, "excluded_lines": 0}, "missing_lines": [], "excluded_lines": []}, "ProveedorAuditoria": {"executed_lines": [], "summary": {"covered_lines": 0, "num_statements": 0, "percent_covered": 100.0, "percent_covered_display": "100", "missing_lines": 0, "excluded_lines": 0}, "missing_lines": [], "excluded_lines": []}, "": {"executed_lines": [1, 2, 3, 5, 6, 7, 8, 9, 10, 11, 12, 13, 14, 15, 16, 17, 18, 19, 20, 21, 22, 24, 25, 26, 27, 28, 29, 30, 31, 32, 33, 34, 35], "summary": {"covered_lines": 33, "num_statements": 33, "percent_covered": 100.0, "percent_covered_display": "100", "missing_lines": 0, "excluded_lines": 0}, "missing_lines": [], "excluded_lines": []}}}, "app/models/report_metrics.py": {"executed_lines": [], "summary": {"covered_lines": 0, "num_statements": 19, "percent_covered": 0.0, "percent_covered_display": "0", "missing_lines": 19, "excluded_lines": 0}, "missing_lines": [1, 2, 3, 5, 10, 12, 14, 15, 16, 17, 20, 21, 24, 25, 26, 28, 31, 32, 33], "excluded_lines": [], "functions": {"": {"executed_lines": [], "summary": {"covered_lines": 0, "num_statements": 19, "percent_covered": 0.0, "percent_covered_display": "0", "missing_lines": 19, "excluded_lines": 0}, "missing_lines": [1, 2, 3, 5, 10, 12, 14, 15, 16, 17, 20, 21, 24, 25, 26, 28, 31, 32, 33], "excluded_lines": []}}, "classes": {"ReportMetric": {"executed_lines": [], "summary": {"covered_lines": 0, "num_statements": 0, "percent_covered": 100.0, "percent_covered_display": "100", "missing_lines": 0, "excluded_lines": 0}, "missing_lines": [], "excluded_lines": []}, "": {"executed_lines": [], "summary": {"covered_lines": 0, "num_statements": 19, "percent_covered": 0.0, "percent_covered_display": "0", "missing_lines": 19, "excluded_lines": 0}, "missing_lines": [1, 2, 3, 5, 10, 12, 14, 15, 16, 17, 20, 21, 24, 25, 26, 28, 31, 32, 33], "excluded_lines": []}}}, "app/models/vendedor.py": {"executed_lines": [1, 2, 3, 4, 5, 8, 9, 10, 11, 12, 13, 14, 15, 17, 20, 21, 23, 26, 27, 30, 31, 35, 38, 39, 40, 41, 42, 43, 44, 45, 46], "summary": {"covered_lines": 31, "num_statements": 32, "percent_covered": 96.875, "percent_covered_display": "97", "missing_lines": 1, "excluded_lines": 0}, "missing_lines": [34], "excluded_lines": [], "functions": {"Vendedor.__init__": {"executed_lines": [26, 27, 30, 31, 35], "summary": {"covered_lines": 5, "num_statements": 6, "percent_covered": 83.33333333333333, "percent_covered_display": "83", "missing_lines": 1, "excluded_lines": 0}, "missing_lines": [34], "excluded_lines": []}, "": {"executed_lines": [1, 2, 3, 4, 5, 8, 9, 10, 11, 12, 13, 14, 15, 17, 20, 21, 23, 38, 39, 40, 41, 42, 43, 44, 45, 46], "summary": {"covered_lines": 26, "num_statements": 26, "percent_covered": 100.0, "percent_covered_display": "100", "missing_lines": 0, "excluded_lines": 0}, "missing_lines": [], "excluded_lines": []}}, "classes": {"Vendedor": {"executed_lines": [26, 27, 30, 31, 35], "summary": {"covered_lines": 5, "num_statements": 6, "percent_covered": 83.33333333333333, "percent_covered_display": "83", "missing_lines": 1, "excluded_lines": 0}, "missing_lines": [34], "excluded_lines": []}, "VendedorAuditoria": {"executed_lines": [], "summary": {"covered_lines": 0, "num_statements": 0, "percent_covered": 100.0, "percent_covered_display": "100", "missing_lines": 0, "excluded_lines": 0}, "missing_lines": [], "excluded_lines": []}, "": {"executed_lines": [1, 2, 3, 4, 5, 8, 9, 10, 11, 12, 13, 14, 15, 17, 20, 21, 23, 38, 39, 40, 41, 42, 43, 44, 45, 46], "summary": {"covered_lines": 26, "num_statements": 26, "percent_covered": 100.0, "percent_covered_display": "100", "missing_lines": 0, "excluded_lines": 0}, "missing_lines": [], "excluded_lines": []}}}, "app/models/visita.py": {"executed_lines": [1, 2, 3, 4, 5, 8, 9, 10, 11, 12, 13, 14, 15, 16, 17, 18, 19, 20, 22], "summary": {"covered_lines": 19, "num_statements": 19, "percent_covered": 100.0, "percent_covered_display": "100", "missing_lines": 0, "excluded_lines": 0}, "missing_lines": [], "excluded_lines": [], "functions": {"": {"executed_lines": [1, 2, 3, 4, 5, 8, 9, 10, 11, 12, 13, 14, 15, 16, 17, 18, 19, 20, 22], "summary": {"covered_lines": 19, "num_statements": 19, "percent_covered": 100.0, "percent_covered_display": "100", "missing_lines": 0, "excluded_lines": 0}, "missing_lines": [], "excluded_lines": []}}, "classes": {"Visita": {"executed_lines": [], "summary": {"covered_lines": 0, "num_statements": 0, "percent_covered": 100.0, "percent_covered_display": "100", "missing_lines": 0, "excluded_lines": 0}, "missing_lines": [], "excluded_lines": []}, "": {"executed_lines": [1, 2, 3, 4, 5, 8, 9, 10, 11, 12, 13, 14, 15, 16, 17, 18, 19, 20, 22], "summary": {"covered_lines": 19, "num_statements": 19, "percent_covered": 100.0, "percent_covered_display": "100", "missing_lines": 0, "excluded_lines": 0}, "missing_lines": [], "excluded_lines": []}}}, "app/schemas/__init__.py": {"executed_lines": [2], "summary": {"covered_lines": 1, "num_statements": 1, "percent_covered": 100.0, "percent_covered_display": "100", "missing_lines": 0, "excluded_lines": 0}, "missing_lines": [], "excluded_lines": [], "functions": {"": {"executed_lines": [2], "summary": {"covered_lines": 1, "num_statements": 1, "percent_covered": 100.0, "percent_covered_display": "100", "missing_lines": 0, "excluded_lines": 0}, "missing_lines": [], "excluded_lines": []}}, "classes": {"": {"executed_lines": [2], "summary": {"covered_lines": 1, "num_statements": 1, "percent_covered": 100.0, "percent_covered_display": "100", "missing_lines": 0, "excluded_lines": 0}, "missing_lines": [], "excluded_lines": []}}}, "app/schemas/catalogs_schema.py": {"executed_lines": [1, 3, 4, 5, 7, 8, 9, 10, 12, 13, 14], "summary": {"covered_lines": 11, "num_statements": 11, "percent_covered": 100.0, "percent_covered_display": "100", "missing_lines": 0, "excluded_lines": 0}, "missing_lines": [], "excluded_lines": [], "functions": {"": {"executed_lines": [1, 3, 4, 5, 7, 8, 9, 10, 12, 13, 14], "summary": {"covered_lines": 11, "num_statements": 11, "percent_covered": 100.0, "percent_covered_display": "100", "missing_lines": 0, "excluded_lines": 0}, "missing_lines": [], "excluded_lines": []}}, "classes": {"PaisOut": {"executed_lines": [], "summary": {"covered_lines": 0, "num_statements": 0, "percent_covered": 100.0, "percent_covered_display": "100", "missing_lines": 0, "excluded_lines": 0}, "missing_lines": [], "excluded_lines": []}, "CertificacionOut": {"executed_lines": [], "summary": {"covered_lines": 0, "num_statements": 0, "percent_covered": 100.0, "percent_covered_display": "100", "missing_lines": 0, "excluded_lines": 0}, "missing_lines": [], "excluded_lines": []}, "CategoriaOut": {"executed_lines": [], "summary": {"covered_lines": 0, "num_statements": 0, "percent_covered": 100.0, "percent_covered_display": "100", "missing_lines": 0, "excluded_lines": 0}, "missing_lines": [], "excluded_lines": []}, "": {"executed_lines": [1, 3, 4, 5, 7, 8, 9, 10, 12, 13, 14], "summary": {"covered_lines": 11, "num_statements": 11, "percent_covered": 100.0, "percent_covered_display": "100", "missing_lines": 0, "excluded_lines": 0}, "missing_lines": [], "excluded_lines": []}}}, "app/schemas/client_schema.py": {"executed_lines": [1, 2, 5, 6, 7, 8, 11, 12, 15, 16, 17, 19, 21, 22, 25, 26, 27, 28, 31, 32, 33, 35, 36], "summary": {"covered_lines": 23, "num_statements": 23, "percent_covered": 100.0, "percent_covered_display": "100", "missing_lines": 0, "excluded_lines": 0}, "missing_lines": [], "excluded_lines": [], "functions": {"": {"executed_lines": [1, 2, 5, 6, 7, 8, 11, 12, 15, 16, 17, 19, 21, 22, 25, 26, 27, 28, 31, 32, 33, 35, 36], "summary": {"covered_lines": 23, "num_statements": 23, "percent_covered": 100.0, "percent_covered_display": "100", "missing_lines": 0, "excluded_lines": 0}, "missing_lines": [], "excluded_lines": []}}, "classes": {"ClienteBase": {"executed_lines": [], "summary": {"covered_lines": 0, "num_statements": 0, "percent_covered": 100.0, "percent_covered_display": "100", "missing_lines": 0, "excluded_lines": 0}, "missing_lines": [], "excluded_lines": []}, "ClienteCreate": {"executed_lines": [], "summary": {"covered_lines": 0, "num_statements": 0, "percent_covered": 100.0, "percent_covered_display": "100", "missing_lines": 0, "excluded_lines": 0}, "missing_lines": [], "excluded_lines": []}, "ClienteResponse": {"executed_lines": [], "summary": {"covered_lines": 0, "num_statements": 0, "percent_covered": 100.0, "percent_covered_display": "100", "missing_lines": 0, "excluded_lines": 0}, "missing_lines": [], "excluded_lines": []}, "ClienteResponse.Config": {"executed_lines": [], "summary": {"covered_lines": 0, "num_statements": 0, "percent_covered": 100.0, "percent_covered_display": "100", "missing_lines": 0, "excluded_lines": 0}, "missing_lines": [], "excluded_lines": []}, "CreatedUser": {"executed_lines": [], "summary": {"covered_lines": 0, "num_statements": 0, "percent_covered": 100.0, "percent_covered_display": "100", "missing_lines": 0, "excluded_lines": 0}, "missing_lines": [], "excluded_lines": []}, "ClienteCreateResponse": {"executed_lines": [], "summary": {"covered_lines": 0, "num_statements": 0, "percent_covered": 100.0, "percent_covered_display": "100", "missing_lines": 0, "excluded_lines": 0}, "missing_lines": [], "excluded_lines": []}, "ClienteCreateResponse.Config": {"executed_lines": [], "summary": {"covered_lines": 0, "num_statements": 0, "percent_covered": 100.0, "percent_covered_display": "100", "missing_lines": 0, "excluded_lines": 0}, "missing_lines": [], "excluded_lines": []}, "": {"executed_lines": [1, 2, 5, 6, 7, 8, 11, 12, 15, 16, 17, 19, 21, 22, 25, 26, 27, 28, 31, 32, 33, 35, 36], "summary": {"covered_lines": 23, "num_statements": 23, "percent_covered": 100.0, "percent_covered_display": "100", "missing_lines": 0, "excluded_lines": 0}, "missing_lines": [], "excluded_lines": []}}}, "app/schemas/plan_schema.py": {"executed_lines": [1, 2, 4, 6, 7, 8, 9, 10, 11, 12, 14, 15, 16, 17, 19, 21, 22, 23, 25, 27, 28, 29, 31, 33, 34, 41, 42, 43, 45, 46], "summary": {"covered_lines": 30, "num_statements": 38, "percent_covered": 78.94736842105263, "percent_covered_display": "79", "missing_lines": 8, "excluded_lines": 0}, "missing_lines": [18, 24, 30, 35, 36, 37, 38, 39], "excluded_lines": [], "functions": {"PlanCreate.vendedor_must_be_positive": {"executed_lines": [17, 19], "summary": {"covered_lines": 2, "num_statements": 3, "percent_covered": 66.66666666666667, "percent_covered_display": "67", "missing_lines": 1, "excluded_lines": 0}, "missing_lines": [18], "excluded_lines": []}, "PlanCreate.periodo_valido": {"executed_lines": [23, 25], "summary": {"covered_lines": 2, "num_statements": 3, "percent_covered": 66.66666666666667, "percent_covered_display": "67", "missing_lines": 1, "excluded_lines": 0}, "missing_lines": [24], "excluded_lines": []}, "PlanCreate.anio_valido": {"executed_lines": [29, 31], "summary": {"covered_lines": 2, "num_statements": 3, "percent_covered": 66.66666666666667, "percent_covered_display": "67", "missing_lines": 1, "excluded_lines": 0}, "missing_lines": [30], "excluded_lines": []}, "PlanCreate.meta_valida": {"executed_lines": [], "summary": {"covered_lines": 0, "num_statements": 5, "percent_covered": 0.0, "percent_covered_display": "0", "missing_lines": 5, "excluded_lines": 0}, "missing_lines": [35, 36, 37, 38, 39], "excluded_lines": []}, "": {"executed_lines": [1, 2, 4, 6, 7, 8, 9, 10, 11, 12, 14, 15, 16, 21, 22, 27, 28, 33, 34, 41, 42, 43, 45, 46], "summary": {"covered_lines": 24, "num_statements": 24, "percent_covered": 100.0, "percent_covered_display": "100", "missing_lines": 0, "excluded_lines": 0}, "missing_lines": [], "excluded_lines": []}}, "classes": {"PlanCreate": {"executed_lines": [17, 19, 23, 25, 29, 31], "summary": {"covered_lines": 6, "num_statements": 14, "percent_covered": 42.857142857142854, "percent_covered_display": "43", "missing_lines": 8, "excluded_lines": 0}, "missing_lines": [18, 24, 30, 35, 36, 37, 38, 39], "excluded_lines": []}, "PlanResponse": {"executed_lines": [], "summary": {"covered_lines": 0, "num_statements": 0, "percent_covered": 100.0, "percent_covered_display": "100", "missing_lines": 0, "excluded_lines": 0}, "missing_lines": [], "excluded_lines": []}, "PlanResponse.Config": {"executed_lines": [], "summary": {"covered_lines": 0, "num_statements": 0, "percent_covered": 100.0, "percent_covered_display": "100", "missing_lines": 0, "excluded_lines": 0}, "missing_lines": [], "excluded_lines": []}, "": {"executed_lines": [1, 2, 4, 6, 7, 8, 9, 10, 11, 12, 14, 15, 16, 21, 22, 27, 28, 33, 34, 41, 42, 43, 45, 46], "summary": {"covered_lines": 24, "num_statements": 24, "percent_covered": 100.0, "percent_covered_display": "100", "missing_lines": 0, "excluded_lines": 0}, "missing_lines": [], "excluded_lines": []}}}, "app/schemas/product_schema.py": {"executed_lines": [1, 2, 3, 5, 12, 13, 14, 15, 16, 17, 18, 20, 21, 22, 24, 25, 26, 27, 28, 29, 30, 31, 32, 33, 34, 35, 37, 38, 39, 40, 41, 42, 44, 45, 46, 48, 49, 50, 52, 53, 55, 56, 57, 58, 59, 61, 62, 64, 65, 66, 67, 68, 70, 71, 72, 73, 74, 75, 76], "summary": {"covered_lines": 59, "num_statements": 60, "percent_covered": 98.33333333333333, "percent_covered_display": "98", "missing_lines": 1, "excluded_lines": 0}, "missing_lines": [47], "excluded_lines": [], "functions": {"ProductoBase.sku_not_zero": {"executed_lines": [40, 41, 42], "summary": {"covered_lines": 3, "num_statements": 3, "percent_covered": 100.0, "percent_covered_display": "100", "missing_lines": 0, "excluded_lines": 0}, "missing_lines": [], "excluded_lines": []}, "ProductoBase.tipo_valido": {"executed_lines": [46, 48, 49, 50], "summary": {"covered_lines": 4, "num_statements": 5, "percent_covered": 80.0, "percent_covered_display": "80", "missing_lines": 1, "excluded_lines": 0}, "missing_lines": [47], "excluded_lines": []}, "": {"executed_lines": [1, 2, 3, 5, 12, 13, 14, 15, 16, 17, 18, 20, 21, 22, 24, 25, 26, 27, 28, 29, 30, 31, 32, 33, 34, 35, 37, 38, 39, 44, 45, 52, 53, 55, 56, 57, 58, 59, 61, 62, 64, 65, 66, 67, 68, 70, 71, 72, 73, 74, 75, 76], "summary": {"covered_lines": 52, "num_statements": 52, "percent_covered": 100.0, "percent_covered_display": "100", "missing_lines": 0, "excluded_lines": 0}, "missing_lines": [], "excluded_lines": []}}, "classes": {"Condiciones": {"executed_lines": [], "summary": {"covered_lines": 0, "num_statements": 0, "percent_covered": 100.0, "percent_covered_display": "100", "missing_lines": 0, "excluded_lines": 0}, "missing_lines": [], "excluded_lines": []}, "Organizacion": {"executed_lines": [], "summary": {"covered_lines": 0, "num_statements": 0, "percent_covered": 100.0, "percent_covered_display": "100", "missing_lines": 0, "excluded_lines": 0}, "missing_lines": [], "excluded_lines": []}, "ProductoBase": {"executed_lines": [40, 41, 42, 46, 48, 49, 50], "summary": {"covered_lines": 7, "num_statements": 8, "percent_covered": 87.5, "percent_covered_display": "88", "missing_lines": 1, "excluded_lines": 0}, "missing_lines": [47], "excluded_lines": []}, "ProductoCreate": {"executed_lines": [], "summary": {"covered_lines": 0, "num_statements": 0, "percent_covered": 100.0, "percent_covered_display": "100", "missing_lines": 0, "excluded_lines": 0}, "missing_lines": [], "excluded_lines": []}, "ProductoResponse": {"executed_lines": [], "summary": {"covered_lines": 0, "num_statements": 0, "percent_covered": 100.0, "percent_covered_display": "100", "missing_lines": 0, "excluded_lines": 0}, "missing_lines": [], "excluded_lines": []}, "ProductoResponse.Config": {"executed_lines": [], "summary": {"covered_lines": 0, "num_statements": 0, "percent_covered": 100.0, "percent_covered_display": "100", "missing_lines": 0, "excluded_lines": 0}, "missing_lines": [], "excluded_lines": []}, "ErrorDetalle": {"executed_lines": [], "summary": {"covered_lines": 0, "num_statements": 0, "percent_covered": 100.0, "percent_covered_display": "100", "missing_lines": 0, "excluded_lines": 0}, "missing_lines": [], "excluded_lines": []}, "ProductoBulkResponse": {"executed_lines": [], "summary": {"covered_lines": 0, "num_statements": 0, "percent_covered": 100.0, "percent_covered_display": "100", "missing_lines": 0, "excluded_lines": 0}, "missing_lines": [], "excluded_lines": []}, "": {"executed_lines": [1, 2, 3, 5, 12, 13, 14, 15, 16, 17, 18, 20, 21, 22, 24, 25, 26, 27, 28, 29, 30, 31, 32, 33, 34, 35, 37, 38, 39, 44, 45, 52, 53, 55, 56, 57, 58, 59, 61, 62, 64, 65, 66, 67, 68, 70, 71, 72, 73, 74, 75, 76], "summary": {"covered_lines": 52, "num_statements": 52, "percent_covered": 100.0, "percent_covered_display": "100", "missing_lines": 0, "excluded_lines": 0}, "missing_lines": [], "excluded_lines": []}}}, "app/schemas/proveedor_schema.py": {"executed_lines": [1, 2, 3, 5, 6, 7, 8, 9, 10, 12, 13, 14, 15, 16, 17, 19, 20, 21, 22, 24, 25, 26, 27, 28, 29, 30, 32, 33, 35, 36, 37, 38, 39, 40, 42, 43, 44, 45, 46, 47, 49, 50], "summary": {"covered_lines": 42, "num_statements": 43, "percent_covered": 97.67441860465117, "percent_covered_display": "98", "missing_lines": 1, "excluded_lines": 0}, "missing_lines": [23], "excluded_lines": [], "functions": {"ProveedorBase.not_blank": {"executed_lines": [15, 16, 17], "summary": {"covered_lines": 3, "num_statements": 3, "percent_covered": 100.0, "percent_covered_display": "100", "missing_lines": 0, "excluded_lines": 0}, "missing_lines": [], "excluded_lines": []}, "ProveedorBase.non_empty_list": {"executed_lines": [22, 24, 25, 26, 27, 28, 29, 30], "summary": {"covered_lines": 8, "num_statements": 9, "percent_covered": 88.88888888888889, "percent_covered_display": "89", "missing_lines": 1, "excluded_lines": 0}, "missing_lines": [23], "excluded_lines": []}, "": {"executed_lines": [1, 2, 3, 5, 6, 7, 8, 9, 10, 12, 13, 14, 19, 20, 21, 32, 33, 35, 36, 37, 38, 39, 40, 42, 43, 44, 45, 46, 47, 49, 50], "summary": {"covered_lines": 31, "num_statements": 31, "percent_covered": 100.0, "percent_covered_display": "100", "missing_lines": 0, "excluded_lines": 0}, "missing_lines": [], "excluded_lines": []}}, "classes": {"ProveedorBase": {"executed_lines": [15, 16, 17, 22, 24, 25, 26, 27, 28, 29, 30], "summary": {"covered_lines": 11, "num_statements": 12, "percent_covered": 91.66666666666667, "percent_covered_display": "92", "missing_lines": 1, "excluded_lines": 0}, "missing_lines": [23], "excluded_lines": []}, "ProveedorCreate": {"executed_lines": [], "summary": {"covered_lines": 0, "num_statements": 0, "percent_covered": 100.0, "percent_covered_display": "100", "missing_lines": 0, "excluded_lines": 0}, "missing_lines": [], "excluded_lines": []}, "ProveedorUpdate": {"executed_lines": [], "summary": {"covered_lines": 0, "num_statements": 0, "percent_covered": 100.0, "percent_covered_display": "100", "missing_lines": 0, "excluded_lines": 0}, "missing_lines": [], "excluded_lines": []}, "ProveedorResponse": {"executed_lines": [], "summary": {"covered_lines": 0, "num_statements": 0, "percent_covered": 100.0, "percent_covered_display": "100", "missing_lines": 0, "excluded_lines": 0}, "missing_lines": [], "excluded_lines": []}, "ProveedorResponse.Config": {"executed_lines": [], "summary": {"covered_lines": 0, "num_statements": 0, "percent_covered": 100.0, "percent_covered_display": "100", "missing_lines": 0, "excluded_lines": 0}, "missing_lines": [], "excluded_lines": []}, "": {"executed_lines": [1, 2, 3, 5, 6, 7, 8, 9, 10, 12, 13, 14, 19, 20, 21, 32, 33, 35, 36, 37, 38, 39, 40, 42, 43, 44, 45, 46, 47, 49, 50], "summary": {"covered_lines": 31, "num_statements": 31, "percent_covered": 100.0, "percent_covered_display": "100", "missing_lines": 0, "excluded_lines": 0}, "missing_lines": [], "excluded_lines": []}}}, "app/schemas/report_schema.py": {"executed_lines": [1, 2, 3, 5, 6, 8, 10, 11, 12, 13, 14, 15, 16, 17, 18, 21, 22, 27, 28, 42, 43, 44, 46, 48, 49, 50, 51, 52, 54, 59, 60, 61, 62, 63, 65, 66, 67, 68, 69, 70, 72, 73, 74, 76, 77, 78, 79, 80, 82, 83, 84, 85, 86, 88, 89], "summary": {"covered_lines": 55, "num_statements": 71, "percent_covered": 77.46478873239437, "percent_covered_display": "77", "missing_lines": 16, "excluded_lines": 0}, "missing_lines": [23, 24, 25, 29, 30, 31, 32, 33, 34, 35, 37, 38, 39, 40, 45, 53], "excluded_lines": [], "functions": {"ReporteRequest._validar_zonas": {"executed_lines": [], "summary": {"covered_lines": 0, "num_statements": 3, "percent_covered": 0.0, "percent_covered_display": "0", "missing_lines": 3, "excluded_lines": 0}, "missing_lines": [23, 24, 25], "excluded_lines": []}, "ReporteRequest._validar_fechas": {"executed_lines": [], "summary": {"covered_lines": 0, "num_statements": 11, "percent_covered": 0.0, "percent_covered_display": "0", "missing_lines": 11, "excluded_lines": 0}, "missing_lines": [29, 30, 31, 32, 33, 34, 35, 37, 38, 39, 40], "excluded_lines": []}, "ReporteRequest._minimo_un_reporte": {"executed_lines": [44, 46], "summary": {"covered_lines": 2, "num_statements": 3, "percent_covered": 66.66666666666667, "percent_covered_display": "67", "missing_lines": 1, "excluded_lines": 0}, "missing_lines": [45], "excluded_lines": []}, "ReporteRequest._al_menos_un_filtro_de_segmento": {"executed_lines": [50, 51, 52, 54], "summary": {"covered_lines": 4, "num_statements": 5, "percent_covered": 80.0, "percent_covered_display": "80", "missing_lines": 1, "excluded_lines": 0}, "missing_lines": [53], "excluded_lines": []}, "": {"executed_lines": [1, 2, 3, 5, 6, 8, 10, 11, 12, 13, 14, 15, 16, 17, 18, 21, 22, 27, 28, 42, 43, 48, 49, 59, 60, 61, 62, 63, 65, 66, 67, 68, 69, 70, 72, 73, 74, 76, 77, 78, 79, 80, 82, 83, 84, 85, 86, 88, 89], "summary": {"covered_lines": 49, "num_statements": 49, "percent_covered": 100.0, "percent_covered_display": "100", "missing_lines": 0, "excluded_lines": 0}, "missing_lines": [], "excluded_lines": []}}, "classes": {"ReporteRequest": {"executed_lines": [44, 46, 50, 51, 52, 54], "summary": {"covered_lines": 6, "num_statements": 22, "percent_covered": 27.272727272727273, "percent_covered_display": "27", "missing_lines": 16, "excluded_lines": 0}, "missing_lines": [23, 24, 25, 29, 30, 31, 32, 33, 34, 35, 37, 38, 39, 40, 45, 53], "excluded_lines": []}, "KPI": {"executed_lines": [], "summary": {"covered_lines": 0, "num_statements": 0, "percent_covered": 100.0, "percent_covered_display": "100", "missing_lines": 0, "excluded_lines": 0}, "missing_lines": [], "excluded_lines": []}, "DesempenoVendedorRow": {"executed_lines": [], "summary": {"covered_lines": 0, "num_statements": 0, "percent_covered": 100.0, "percent_covered_display": "100", "missing_lines": 0, "excluded_lines": 0}, "missing_lines": [], "excluded_lines": []}, "VentasPorRegionItem": {"executed_lines": [], "summary": {"covered_lines": 0, "num_statements": 0, "percent_covered": 100.0, "percent_covered_display": "100", "missing_lines": 0, "excluded_lines": 0}, "missing_lines": [], "excluded_lines": []}, "ProductosCategoriaItem": {"executed_lines": [], "summary": {"covered_lines": 0, "num_statements": 0, "percent_covered": 100.0, "percent_covered_display": "100", "missing_lines": 0, "excluded_lines": 0}, "missing_lines": [], "excluded_lines": []}, "ReporteResponse": {"executed_lines": [], "summary": {"covered_lines": 0, "num_statements": 0, "percent_covered": 100.0, "percent_covered_display": "100", "missing_lines": 0, "excluded_lines": 0}, "missing_lines": [], "excluded_lines": []}, "": {"executed_lines": [1, 2, 3, 5, 6, 8, 10, 11, 12, 13, 14, 15, 16, 17, 18, 21, 22, 27, 28, 42, 43, 48, 49, 59, 60, 61, 62, 63, 65, 66, 67, 68, 69, 70, 72, 73, 74, 76, 77, 78, 79, 80, 82, 83, 84, 85, 86, 88, 89], "summary": {"covered_lines": 49, "num_statements": 49, "percent_covered": 100.0, "percent_covered_display": "100", "missing_lines": 0, "excluded_lines": 0}, "missing_lines": [], "excluded_lines": []}}}, "app/schemas/vendedor_schema.py": {"executed_lines": [1, 2, 4, 5, 6, 7, 8, 10, 11, 12, 13, 15, 17, 18, 19, 28, 31, 37, 43, 44, 48, 49, 51, 52, 54, 56, 57, 60, 61, 62, 63, 66, 67, 68, 70, 71], "summary": {"covered_lines": 36, "num_statements": 48, "percent_covered": 75.0, "percent_covered_display": "75", "missing_lines": 12, "excluded_lines": 0}, "missing_lines": [14, 29, 32, 33, 34, 35, 38, 39, 40, 41, 45, 46], "excluded_lines": [], "functions": {"VendedorBase.nombre_no_vacio": {"executed_lines": [13, 15], "summary": {"covered_lines": 2, "num_statements": 3, "percent_covered": 66.66666666666667, "percent_covered_display": "67", "missing_lines": 1, "excluded_lines": 0}, "missing_lines": [14], "excluded_lines": []}, "VendedorBase.pais_to_int": {"executed_lines": [28, 31, 37, 43, 44], "summary": {"covered_lines": 5, "num_statements": 16, "percent_covered": 31.25, "percent_covered_display": "31", "missing_lines": 11, "excluded_lines": 0}, "missing_lines": [29, 32, 33, 34, 35, 38, 39, 40, 41, 45, 46], "excluded_lines": []}, "": {"executed_lines": [1, 2, 4, 5, 6, 7, 8, 10, 11, 12, 17, 18, 19, 48, 49, 51, 52, 54, 56, 57, 60, 61, 62, 63, 66, 67, 68, 70, 71], "summary": {"covered_lines": 29, "num_statements": 29, "percent_covered": 100.0, "percent_covered_display": "100", "missing_lines": 0, "excluded_lines": 0}, "missing_lines": [], "excluded_lines": []}}, "classes": {"VendedorBase": {"executed_lines": [13, 15, 28, 31, 37, 43, 44], "summary": {"covered_lines": 7, "num_statements": 19, "percent_covered": 36.8421052631579, "percent_covered_display": "37", "missing_lines": 12, "excluded_lines": 0}, "missing_lines": [14, 29, 32, 33, 34, 35, 38, 39, 40, 41, 45, 46], "excluded_lines": []}, "VendedorCreate": {"executed_lines": [], "summary": {"covered_lines": 0, "num_statements": 0, "percent_covered": 100.0, "percent_covered_display": "100", "missing_lines": 0, "excluded_lines": 0}, "missing_lines": [], "excluded_lines": []}, "VendedorResponse": {"executed_lines": [], "summary": {"covered_lines": 0, "num_statements": 0, "percent_covered": 100.0, "percent_covered_display": "100", "missing_lines": 0, "excluded_lines": 0}, "missing_lines": [], "excluded_lines": []}, "VendedorResponse.Config": {"executed_lines": [], "summary": {"covered_lines": 0, "num_statements": 0, "percent_covered": 100.0, "percent_covered_display": "100", "missing_lines": 0, "excluded_lines": 0}, "missing_lines": [], "excluded_lines": []}, "CreatedUser": {"executed_lines": [], "summary": {"covered_lines": 0, "num_statements": 0, "percent_covered": 100.0, "percent_covered_display": "100", "missing_lines": 0, "excluded_lines": 0}, "missing_lines": [], "excluded_lines": []}, "VendedorCreateResponse": {"executed_lines": [], "summary": {"covered_lines": 0, "num_statements": 0, "percent_covered": 100.0, "percent_covered_display": "100", "missing_lines": 0, "excluded_lines": 0}, "missing_lines": [], "excluded_lines": []}, "VendedorCreateResponse.Config": {"executed_lines": [], "summary": {"covered_lines": 0, "num_statements": 0, "percent_covered": 100.0, "percent_covered_display": "100", "missing_lines": 0, "excluded_lines": 0}, "missing_lines": [], "excluded_lines": []}, "": {"executed_lines": [1, 2, 4, 5, 6, 7, 8, 10, 11, 12, 17, 18, 19, 48, 49, 51, 52, 54, 56, 57, 60, 61, 62, 63, 66, 67, 68, 70, 71], "summary": {"covered_lines": 29, "num_statements": 29, "percent_covered": 100.0, "percent_covered_display": "100", "missing_lines": 0, "excluded_lines": 0}, "missing_lines": [], "excluded_lines": []}}}, "app/schemas/visita_schema.py": {"executed_lines": [1, 2, 3, 6, 7, 8, 9, 10, 11, 12, 13, 14, 16, 17, 18, 19, 22, 24, 25, 26, 28, 29, 30, 31, 34, 36, 37, 38, 41, 42, 44, 45, 48, 49, 50, 51, 52, 53, 56, 57, 58, 59, 60, 61], "summary": {"covered_lines": 44, "num_statements": 50, "percent_covered": 88.0, "percent_covered_display": "88", "missing_lines": 6, "excluded_lines": 0}, "missing_lines": [20, 21, 23, 32, 33, 35], "excluded_lines": [], "functions": {"VisitaBase.lat_must_be_valid": {"executed_lines": [18, 19, 22, 24, 25, 26], "summary": {"covered_lines": 6, "num_statements": 9, "percent_covered": 66.66666666666667, "percent_covered_display": "67", "missing_lines": 3, "excluded_lines": 0}, "missing_lines": [20, 21, 23], "excluded_lines": []}, "VisitaBase.lon_must_be_valid": {"executed_lines": [30, 31, 34, 36, 37, 38], "summary": {"covered_lines": 6, "num_statements": 9, "percent_covered": 66.66666666666667, "percent_covered_display": "67", "missing_lines": 3, "excluded_lines": 0}, "missing_lines": [32, 33, 35], "excluded_lines": []}, "": {"executed_lines": [1, 2, 3, 6, 7, 8, 9, 10, 11, 12, 13, 14, 16, 17, 28, 29, 41, 42, 44, 45, 48, 49, 50, 51, 52, 53, 56, 57, 58, 59, 60, 61], "summary": {"covered_lines": 32, "num_statements": 32, "percent_covered": 100.0, "percent_covered_display": "100", "missing_lines": 0, "excluded_lines": 0}, "missing_lines": [], "excluded_lines": []}}, "classes": {"VisitaBase": {"executed_lines": [18, 19, 22, 24, 25, 26, 30, 31, 34, 36, 37, 38], "summary": {"covered_lines": 12, "num_statements": 18, "percent_covered": 66.66666666666667, "percent_covered_display": "67", "missing_lines": 6, "excluded_lines": 0}, "missing_lines": [20, 21, 23, 32, 33, 35], "excluded_lines": []}, "VisitaResponse": {"executed_lines": [], "summary": {"covered_lines": 0, "num_statements": 0, "percent_covered": 100.0, "percent_covered_display": "100", "missing_lines": 0, "excluded_lines": 0}, "missing_lines": [], "excluded_lines": []}, "VisitaResponse.Config": {"executed_lines": [], "summary": {"covered_lines": 0, "num_statements": 0, "percent_covered": 100.0, "percent_covered_display": "100", "missing_lines": 0, "excluded_lines": 0}, "missing_lines": [], "excluded_lines": []}, "RutaItem": {"executed_lines": [], "summary": {"covered_lines": 0, "num_statements": 0, "percent_covered": 100.0, "percent_covered_display": "100", "missing_lines": 0, "excluded_lines": 0}, "missing_lines": [], "excluded_lines": []}, "RutaResponse": {"executed_lines": [], "summary": {"covered_lines": 0, "num_statements": 0, "percent_covered": 100.0, "percent_covered_display": "100", "missing_lines": 0, "excluded_lines": 0}, "missing_lines": [], "excluded_lines": []}, "": {"executed_lines": [1, 2, 3, 6, 7, 8, 9, 10, 11, 12, 13, 14, 16, 17, 28, 29, 41, 42, 44, 45, 48, 49, 50, 51, 52, 53, 56, 57, 58, 59, 60, 61], "summary": {"covered_lines": 32, "num_statements": 32, "percent_covered": 100.0, "percent_covered_display": "100", "missing_lines": 0, "excluded_lines": 0}, "missing_lines": [], "excluded_lines": []}}}, "app/services/__init__.py": {"executed_lines": [2], "summary": {"covered_lines": 1, "num_statements": 1, "percent_covered": 100.0, "percent_covered_display": "100", "missing_lines": 0, "excluded_lines": 0}, "missing_lines": [], "excluded_lines": [], "functions": {"": {"executed_lines": [2], "summary": {"covered_lines": 1, "num_statements": 1, "percent_covered": 100.0, "percent_covered_display": "100", "missing_lines": 0, "excluded_lines": 0}, "missing_lines": [], "excluded_lines": []}}, "classes": {"": {"executed_lines": [2], "summary": {"covered_lines": 1, "num_statements": 1, "percent_covered": 100.0, "percent_covered_display": "100", "missing_lines": 0, "excluded_lines": 0}, "missing_lines": [], "excluded_lines": []}}}, "app/services/client_service.py": {"executed_lines": [1, 2, 3, 4, 5, 6, 7, 8, 11, 12, 19, 20, 22, 23, 31, 103], "summary": {"covered_lines": 15, "num_statements": 56, "percent_covered": 26.785714285714285, "percent_covered_display": "27", "missing_lines": 41, "excluded_lines": 0}, "missing_lines": [40, 41, 42, 44, 45, 46, 47, 48, 49, 56, 57, 58, 59, 60, 61, 62, 63, 64, 66, 74, 75, 76, 77, 78, 79, 80, 85, 89, 90, 91, 92, 93, 94, 95, 96, 97, 98, 99, 100, 101, 104], "excluded_lines": [], "functions": {"ClientService.__init__": {"executed_lines": [20], "summary": {"covered_lines": 1, "num_statements": 1, "percent_covered": 100.0, "percent_covered_display": "100", "missing_lines": 0, "excluded_lines": 0}, "missing_lines": [], "excluded_lines": []}, "ClientService.get_clients_by_vendor": {"executed_lines": [23], "summary": {"covered_lines": 1, "num_statements": 1, "percent_covered": 100.0, "percent_covered_display": "100", "missing_lines": 0, "excluded_lines": 0}, "missing_lines": [], "excluded_lines": []}, "ClientService.crear_cliente": {"executed_lines": [], "summary": {"covered_lines": 0, "num_statements": 40, "percent_covered": 0.0, "percent_covered_display": "0", "missing_lines": 40, "excluded_lines": 0}, "missing_lines": [40, 41, 42, 44, 45, 46, 47, 48, 49, 56, 57, 58, 59, 60, 61, 62, 63, 64, 66, 74, 75, 76, 77, 78, 79, 80, 85, 89, 90, 91, 92, 93, 94, 95, 96, 97, 98, 99, 100, 101], "excluded_lines": []}, "ClientService._to_dict": {"executed_lines": [], "summary": {"covered_lines": 0, "num_statements": 1, "percent_covered": 0.0, "percent_covered_display": "0", "missing_lines": 1, "excluded_lines": 0}, "missing_lines": [104], "excluded_lines": []}, "": {"executed_lines": [1, 2, 3, 4, 5, 6, 7, 8, 11, 12, 19, 22, 31, 103], "summary": {"covered_lines": 13, "num_statements": 13, "percent_covered": 100.0, "percent_covered_display": "100", "missing_lines": 0, "excluded_lines": 0}, "missing_lines": [], "excluded_lines": []}}, "classes": {"ClientService": {"executed_lines": [20, 23], "summary": {"covered_lines": 2, "num_statements": 43, "percent_covered": 4.651162790697675, "percent_covered_display": "5", "missing_lines": 41, "excluded_lines": 0}, "missing_lines": [40, 41, 42, 44, 45, 46, 47, 48, 49, 56, 57, 58, 59, 60, 61, 62, 63, 64, 66, 74, 75, 76, 77, 78, 79, 80, 85, 89, 90, 91, 92, 93, 94, 95, 96, 97, 98, 99, 100, 101, 104], "excluded_lines": []}, "": {"executed_lines": [1, 2, 3, 4, 5, 6, 7, 8, 11, 12, 19, 22, 31, 103], "summary": {"covered_lines": 13, "num_statements": 13, "percent_covered": 100.0, "percent_covered_display": "100", "missing_lines": 0, "excluded_lines": 0}, "missing_lines": [], "excluded_lines": []}}}, "app/services/plan_service.py": {"executed_lines": [1, 2, 3, 4, 5, 7, 8, 9, 11, 13, 14, 15, 16, 17, 18, 19, 20, 22, 28, 29, 30, 31, 40, 41, 42, 49, 50, 51, 52, 60, 61, 63, 64, 66, 68, 69], "summary": {"covered_lines": 36, "num_statements": 48, "percent_covered": 75.0, "percent_covered_display": "75", "missing_lines": 12, "excluded_lines": 0}, "missing_lines": [53, 54, 55, 56, 57, 58, 70, 71, 72, 73, 78, 79], "excluded_lines": [], "functions": {"PlanService.__init__": {"executed_lines": [9], "summary": {"covered_lines": 1, "num_statements": 1, "percent_covered": 100.0, "percent_covered_display": "100", "missing_lines": 0, "excluded_lines": 0}, "missing_lines": [], "excluded_lines": []}, "PlanService.crear_plan": {"executed_lines": [13, 14, 15, 16, 17, 18, 19, 20, 22, 28, 29, 30, 31, 40, 41, 42, 49, 50, 51, 52], "summary": {"covered_lines": 20, "num_statements": 26, "percent_covered": 76.92307692307692, "percent_covered_display": "77", "missing_lines": 6, "excluded_lines": 0}, "missing_lines": [53, 54, 55, 56, 57, 58], "excluded_lines": []}, "PlanService.listar_planes": {"executed_lines": [61], "summary": {"covered_lines": 1, "num_statements": 1, "percent_covered": 100.0, "percent_covered_display": "100", "missing_lines": 0, "excluded_lines": 0}, "missing_lines": [], "excluded_lines": []}, "PlanService.obtener_plan": {"executed_lines": [64], "summary": {"covered_lines": 1, "num_statements": 1, "percent_covered": 100.0, "percent_covered_display": "100", "missing_lines": 0, "excluded_lines": 0}, "missing_lines": [], "excluded_lines": []}, "PlanService.eliminar_plan": {"executed_lines": [68, 69], "summary": {"covered_lines": 2, "num_statements": 8, "percent_covered": 25.0, "percent_covered_display": "25", "missing_lines": 6, "excluded_lines": 0}, "missing_lines": [70, 71, 72, 73, 78, 79], "excluded_lines": []}, "": {"executed_lines": [1, 2, 3, 4, 5, 7, 8, 11, 60, 63, 66], "summary": {"covered_lines": 11, "num_statements": 11, "percent_covered": 100.0, "percent_covered_display": "100", "missing_lines": 0, "excluded_lines": 0}, "missing_lines": [], "excluded_lines": []}}, "classes": {"PlanService": {"executed_lines": [9, 13, 14, 15, 16, 17, 18, 19, 20, 22, 28, 29, 30, 31, 40, 41, 42, 49, 50, 51, 52, 61, 64, 68, 69], "summary": {"covered_lines": 25, "num_statements": 37, "percent_covered": 67.56756756756756, "percent_covered_display": "68", "missing_lines": 12, "excluded_lines": 0}, "missing_lines": [53, 54, 55, 56, 57, 58, 70, 71, 72, 73, 78, 79], "excluded_lines": []}, "": {"executed_lines": [1, 2, 3, 4, 5, 7, 8, 11, 60, 63, 66], "summary": {"covered_lines": 11, "num_statements": 11, "percent_covered": 100.0, "percent_covered_display": "100", "missing_lines": 0, "excluded_lines": 0}, "missing_lines": [], "excluded_lines": []}}}, "app/services/product_service.py": {"executed_lines": [1, 2, 3, 4, 5, 6, 7, 8, 9, 12, 14, 15, 16, 17, 18, 20, 22, 23, 24, 26, 28, 29, 30, 32, 33, 34, 35, 38, 39, 40, 41, 42, 44, 45, 46, 47, 48, 49, 51, 65, 66, 67, 74, 75, 76, 77, 85, 86, 88, 89, 91, 96, 102, 103, 104, 106, 108, 111, 112, 114, 115, 116, 119, 120, 122, 124, 127, 134, 135, 137, 138, 144, 147, 148, 149, 152, 153, 156, 157, 159, 161, 170, 171, 172, 174, 179, 180, 181, 182, 185, 186, 187, 195, 196, 197, 198, 199, 202, 203, 204, 206, 207, 208, 209, 210, 211, 212, 215, 216, 217, 218, 219, 220, 221, 224, 225, 226, 228, 229, 232, 233, 234, 235, 237], "summary": {"covered_lines": 124, "num_statements": 133, "percent_covered": 93.23308270676692, "percent_covered_display": "93", "missing_lines": 9, "excluded_lines": 0}, "missing_lines": [19, 36, 78, 79, 80, 81, 82, 83, 227], "excluded_lines": [], "functions": {"_serialize_dates": {"executed_lines": [14, 15, 16, 17, 18, 20], "summary": {"covered_lines": 6, "num_statements": 7, "percent_covered": 85.71428571428571, "percent_covered_display": "86", "missing_lines": 1, "excluded_lines": 0}, "missing_lines": [19], "excluded_lines": []}, "ProductService.__init__": {"executed_lines": [24], "summary": {"covered_lines": 1, "num_statements": 1, "percent_covered": 100.0, "percent_covered_display": "100", "missing_lines": 0, "excluded_lines": 0}, "missing_lines": [], "excluded_lines": []}, "ProductService.crear_producto": {"executed_lines": [28, 29, 30, 32, 33, 34, 35, 38, 39, 40, 41, 42, 44, 45, 46, 47, 48, 49, 51, 65, 66, 67, 74, 75, 76, 77], "summary": {"covered_lines": 26, "num_statements": 33, "percent_covered": 78.78787878787878, "percent_covered_display": "79", "missing_lines": 7, "excluded_lines": 0}, "missing_lines": [36, 78, 79, 80, 81, 82, 83], "excluded_lines": []}, "ProductService.listar_productos": {"executed_lines": [86], "summary": {"covered_lines": 1, "num_statements": 1, "percent_covered": 100.0, "percent_covered_display": "100", "missing_lines": 0, "excluded_lines": 0}, "missing_lines": [], "excluded_lines": []}, "ProductService.obtener_producto": {"executed_lines": [89], "summary": {"covered_lines": 1, "num_statements": 1, "percent_covered": 100.0, "percent_covered_display": "100", "missing_lines": 0, "excluded_lines": 0}, "missing_lines": [], "excluded_lines": []}, "ProductService.procesar_carga_masiva": {"executed_lines": [96, 102, 103, 104, 106, 108, 111, 112, 114, 115, 116, 119, 120, 122, 124, 127, 134, 135, 137, 138, 144, 147, 148, 149, 152, 153, 156, 157, 159, 161, 170, 171, 172], "summary": {"covered_lines": 33, "num_statements": 33, "percent_covered": 100.0, "percent_covered_display": "100", "missing_lines": 0, "excluded_lines": 0}, "missing_lines": [], "excluded_lines": []}, "ProductService._convertir_fila_a_producto": {"executed_lines": [179, 180, 181, 182, 185, 186, 187, 195, 196, 197, 198, 199, 202, 203, 204, 206, 207, 208, 209, 210, 211, 212, 215, 216, 217, 218, 219, 220, 221, 224, 225, 226, 228, 229, 232, 233, 234, 235, 237], "summary": {"covered_lines": 39, "num_statements": 40, "percent_covered": 97.5, "percent_covered_display": "98", "missing_lines": 1, "excluded_lines": 0}, "missing_lines": [227], "excluded_lines": []}, "": {"executed_lines": [1, 2, 3, 4, 5, 6, 7, 8, 9, 12, 22, 23, 26, 85, 88, 91, 174], "summary": {"covered_lines": 17, "num_statements": 17, "percent_covered": 100.0, "percent_covered_display": "100", "missing_lines": 0, "excluded_lines": 0}, "missing_lines": [], "excluded_lines": []}}, "classes": {"ProductService": {"executed_lines": [24, 28, 29, 30, 32, 33, 34, 35, 38, 39, 40, 41, 42, 44, 45, 46, 47, 48, 49, 51, 65, 66, 67, 74, 75, 76, 77, 86, 89, 96, 102, 103, 104, 106, 108, 111, 112, 114, 115, 116, 119, 120, 122, 124, 127, 134, 135, 137, 138, 144, 147, 148, 149, 152, 153, 156, 157, 159, 161, 170, 171, 172, 179, 180, 181, 182, 185, 186, 187, 195, 196, 197, 198, 199, 202, 203, 204, 206, 207, 208, 209, 210, 211, 212, 215, 216, 217, 218, 219, 220, 221, 224, 225, 226, 228, 229, 232, 233, 234, 235, 237], "summary": {"covered_lines": 101, "num_statements": 109, "percent_covered": 92.66055045871559, "percent_covered_display": "93", "missing_lines": 8, "excluded_lines": 0}, "missing_lines": [36, 78, 79, 80, 81, 82, 83, 227], "excluded_lines": []}, "": {"executed_lines": [1, 2, 3, 4, 5, 6, 7, 8, 9, 12, 14, 15, 16, 17, 18, 20, 22, 23, 26, 85, 88, 91, 174], "summary": {"covered_lines": 23, "num_statements": 24, "percent_covered": 95.83333333333333, "percent_covered_display": "96", "missing_lines": 1, "excluded_lines": 0}, "missing_lines": [19], "excluded_lines": []}}}, "app/services/proveedor_service.py": {"executed_lines": [1, 2, 3, 4, 6, 7, 8, 10, 11, 12, 20, 21, 23, 33, 34, 35, 36, 44, 45, 47, 48, 50, 51, 55, 56, 57, 58, 59, 63, 70, 71, 72, 73, 75, 77, 79, 80, 81, 82, 83, 84, 85, 92, 93], "summary": {"covered_lines": 44, "num_statements": 50, "percent_covered": 88.0, "percent_covered_display": "88", "missing_lines": 6, "excluded_lines": 0}, "missing_lines": [37, 38, 39, 40, 41, 42], "excluded_lines": [], "functions": {"ProveedorService.__init__": {"executed_lines": [8], "summary": {"covered_lines": 1, "num_statements": 1, "percent_covered": 100.0, "percent_covered_display": "100", "missing_lines": 0, "excluded_lines": 0}, "missing_lines": [], "excluded_lines": []}, "ProveedorService.crear_proveedor": {"executed_lines": [11, 12, 20, 21, 23, 33, 34, 35, 36], "summary": {"covered_lines": 9, "num_statements": 15, "percent_covered": 60.0, "percent_covered_display": "60", "missing_lines": 6, "excluded_lines": 0}, "missing_lines": [37, 38, 39, 40, 41, 42], "excluded_lines": []}, "ProveedorService.obtener_proveedor": {"executed_lines": [45], "summary": {"covered_lines": 1, "num_statements": 1, "percent_covered": 100.0, "percent_covered_display": "100", "missing_lines": 0, "excluded_lines": 0}, "missing_lines": [], "excluded_lines": []}, "ProveedorService.listar_proveedores": {"executed_lines": [48], "summary": {"covered_lines": 1, "num_statements": 1, "percent_covered": 100.0, "percent_covered_display": "100", "missing_lines": 0, "excluded_lines": 0}, "missing_lines": [], "excluded_lines": []}, "ProveedorService.actualizar_proveedor": {"executed_lines": [51, 55, 56, 57, 58, 59, 63, 70, 71, 72, 73], "summary": {"covered_lines": 11, "num_statements": 11, "percent_covered": 100.0, "percent_covered_display": "100", "missing_lines": 0, "excluded_lines": 0}, "missing_lines": [], "excluded_lines": []}, "ProveedorService.eliminar_proveedor": {"executed_lines": [77, 79, 80, 81, 82, 83, 84, 85, 92, 93], "summary": {"covered_lines": 10, "num_statements": 10, "percent_covered": 100.0, "percent_covered_display": "100", "missing_lines": 0, "excluded_lines": 0}, "missing_lines": [], "excluded_lines": []}, "": {"executed_lines": [1, 2, 3, 4, 6, 7, 10, 44, 47, 50, 75], "summary": {"covered_lines": 11, "num_statements": 11, "percent_covered": 100.0, "percent_covered_display": "100", "missing_lines": 0, "excluded_lines": 0}, "missing_lines": [], "excluded_lines": []}}, "classes": {"ProveedorService": {"executed_lines": [8, 11, 12, 20, 21, 23, 33, 34, 35, 36, 45, 48, 51, 55, 56, 57, 58, 59, 63, 70, 71, 72, 73, 77, 79, 80, 81, 82, 83, 84, 85, 92, 93], "summary": {"covered_lines": 33, "num_statements": 39, "percent_covered": 84.61538461538461, "percent_covered_display": "85", "missing_lines": 6, "excluded_lines": 0}, "missing_lines": [37, 38, 39, 40, 41, 42], "excluded_lines": []}, "": {"executed_lines": [1, 2, 3, 4, 6, 7, 10, 44, 47, 50, 75], "summary": {"covered_lines": 11, "num_statements": 11, "percent_covered": 100.0, "percent_covered_display": "100", "missing_lines": 0, "excluded_lines": 0}, "missing_lines": [], "excluded_lines": []}}}, "app/services/report_service.py": {"executed_lines": [1, 2, 3, 4, 5, 6, 7, 8, 9, 10, 11, 15, 17, 18, 19, 20, 23, 24, 26, 27, 28, 29, 31, 41, 42, 43, 44, 45, 49, 52, 54, 56, 57, 60, 61, 68, 69, 72, 75, 76, 77, 78, 84, 86, 87, 89, 90, 91, 93, 94, 96, 100, 101, 102, 106, 107, 110, 111, 113, 114, 120, 121, 125, 127, 128, 130, 134, 135, 136, 138, 141, 143, 146, 147, 150, 151, 154, 155, 158, 160, 161, 163, 169, 172, 174, 177, 178, 179, 180, 183, 184, 186, 187, 190, 191, 192, 193, 196, 197, 203, 210, 212, 213, 214, 218, 220, 223, 224, 225, 226, 229, 230, 233, 234, 235, 237, 239, 243, 245, 248, 249, 250, 251, 252, 255, 256, 259, 260, 262, 263, 265, 266, 268, 269], "summary": {"covered_lines": 134, "num_statements": 149, "percent_covered": 89.93288590604027, "percent_covered_display": "90", "missing_lines": 15, "excluded_lines": 0}, "missing_lines": [47, 48, 79, 80, 81, 97, 103, 115, 117, 122, 181, 194, 227, 231, 257], "excluded_lines": [], "functions": {"ReportService.__init__": {"executed_lines": [19, 20], "summary": {"covered_lines": 2, "num_statements": 2, "percent_covered": 100.0, "percent_covered_display": "100", "missing_lines": 0, "excluded_lines": 0}, "missing_lines": [], "excluded_lines": []}, "ReportService.generar_reportes": {"executed_lines": [24, 26, 27, 28, 29, 31], "summary": {"covered_lines": 6, "num_statements": 6, "percent_covered": 100.0, "percent_covered_display": "100", "missing_lines": 0, "excluded_lines": 0}, "missing_lines": [], "excluded_lines": []}, "ReportService._rango_por_periodo": {"executed_lines": [42, 43, 44, 45, 49], "summary": {"covered_lines": 5, "num_statements": 7, "percent_covered": 71.42857142857143, "percent_covered_display": "71", "missing_lines": 2, "excluded_lines": 0}, "missing_lines": [47, 48], "excluded_lines": []}, "ReportService._obtener_ordenes_desde_api": {"executed_lines": [54, 56, 57, 60, 61, 68, 69, 72, 75, 76, 77, 78], "summary": {"covered_lines": 12, "num_statements": 15, "percent_covered": 80.0, "percent_covered_display": "80", "missing_lines": 3, "excluded_lines": 0}, "missing_lines": [79, 80, 81], "excluded_lines": []}, "ReportService._calcular_tiempo_entrega_promedio": {"executed_lines": [86, 87, 89, 90, 91, 93, 94, 96, 100, 101, 102, 106, 107, 110, 111, 113, 114, 120, 121], "summary": {"covered_lines": 19, "num_statements": 24, "percent_covered": 79.16666666666667, "percent_covered_display": "79", "missing_lines": 5, "excluded_lines": 0}, "missing_lines": [97, 103, 115, 117, 122], "excluded_lines": []}, "ReportService._calcular_valor_orden": {"executed_lines": [127, 128, 130, 134, 135, 136, 138], "summary": {"covered_lines": 7, "num_statements": 7, "percent_covered": 100.0, "percent_covered_display": "100", "missing_lines": 0, "excluded_lines": 0}, "missing_lines": [], "excluded_lines": []}, "ReportService._kpis_globales": {"executed_lines": [143, 146, 147, 150, 151, 154, 155, 158, 160, 161, 163, 169], "summary": {"covered_lines": 12, "num_statements": 12, "percent_covered": 100.0, "percent_covered_display": "100", "missing_lines": 0, "excluded_lines": 0}, "missing_lines": [], "excluded_lines": []}, "ReportService._desempeno_por_vendedor": {"executed_lines": [174, 177, 178, 179, 180, 183, 184, 186, 187, 190, 191, 192, 193, 196, 197, 203, 210], "summary": {"covered_lines": 17, "num_statements": 19, "percent_covered": 89.47368421052632, "percent_covered_display": "89", "missing_lines": 2, "excluded_lines": 0}, "missing_lines": [181, 194], "excluded_lines": []}, "ReportService._codigo_pais": {"executed_lines": [213, 214], "summary": {"covered_lines": 2, "num_statements": 2, "percent_covered": 100.0, "percent_covered_display": "100", "missing_lines": 0, "excluded_lines": 0}, "missing_lines": [], "excluded_lines": []}, "ReportService._ventas_por_zona": {"executed_lines": [220, 223, 224, 225, 226, 229, 230, 233, 234, 235, 237, 239], "summary": {"covered_lines": 12, "num_statements": 14, "percent_covered": 85.71428571428571, "percent_covered_display": "86", "missing_lines": 2, "excluded_lines": 0}, "missing_lines": [227, 231], "excluded_lines": []}, "ReportService._productos_por_categoria": {"executed_lines": [245, 248, 249, 250, 251, 252, 255, 256, 259, 260, 262, 263, 265, 266, 268, 269], "summary": {"covered_lines": 16, "num_statements": 17, "percent_covered": 94.11764705882354, "percent_covered_display": "94", "missing_lines": 1, "excluded_lines": 0}, "missing_lines": [257], "excluded_lines": []}, "": {"executed_lines": [1, 2, 3, 4, 5, 6, 7, 8, 9, 10, 11, 15, 17, 18, 23, 41, 52, 84, 125, 141, 172, 212, 218, 243], "summary": {"covered_lines": 24, "num_statements": 24, "percent_covered": 100.0, "percent_covered_display": "100", "missing_lines": 0, "excluded_lines": 0}, "missing_lines": [], "excluded_lines": []}}, "classes": {"ReportService": {"executed_lines": [19, 20, 24, 26, 27, 28, 29, 31, 42, 43, 44, 45, 49, 54, 56, 57, 60, 61, 68, 69, 72, 75, 76, 77, 78, 86, 87, 89, 90, 91, 93, 94, 96, 100, 101, 102, 106, 107, 110, 111, 113, 114, 120, 121, 127, 128, 130, 134, 135, 136, 138, 143, 146, 147, 150, 151, 154, 155, 158, 160, 161, 163, 169, 174, 177, 178, 179, 180, 183, 184, 186, 187, 190, 191, 192, 193, 196, 197, 203, 210, 213, 214, 220, 223, 224, 225, 226, 229, 230, 233, 234, 235, 237, 239, 245, 248, 249, 250, 251, 252, 255, 256, 259, 260, 262, 263, 265, 266, 268, 269], "summary": {"covered_lines": 110, "num_statements": 125, "percent_covered": 88.0, "percent_covered_display": "88", "missing_lines": 15, "excluded_lines": 0}, "missing_lines": [47, 48, 79, 80, 81, 97, 103, 115, 117, 122, 181, 194, 227, 231, 257], "excluded_lines": []}, "": {"executed_lines": [1, 2, 3, 4, 5, 6, 7, 8, 9, 10, 11, 15, 17, 18, 23, 41, 52, 84, 125, 141, 172, 212, 218, 243], "summary": {"covered_lines": 24, "num_statements": 24, "percent_covered": 100.0, "percent_covered_display": "100", "missing_lines": 0, "excluded_lines": 0}, "missing_lines": [], "excluded_lines": []}}}, "app/services/route_service.py": {"executed_lines": [1, 2, 3, 6, 8, 9, 10, 11, 12, 14, 15, 16, 19, 21, 22, 23, 24, 25, 28, 33, 35, 36, 37, 38, 39, 40, 41, 42, 43, 44, 45, 46, 47, 48, 49, 50, 51, 52, 55, 61, 65, 67, 68, 69, 72, 73, 74, 75, 76, 77, 78, 80, 81, 83, 84, 85, 86, 88, 91, 92, 93, 95, 102, 104], "summary": {"covered_lines": 64, "num_statements": 67, "percent_covered": 95.5223880597015, "percent_covered_display": "96", "missing_lines": 3, "excluded_lines": 0}, "missing_lines": [34, 62, 89], "excluded_lines": [], "functions": {"haversine_distance_km": {"executed_lines": [8, 9, 10, 11, 12, 14, 15, 16], "summary": {"covered_lines": 8, "num_statements": 8, "percent_covered": 100.0, "percent_covered_display": "100", "missing_lines": 0, "excluded_lines": 0}, "missing_lines": [], "excluded_lines": []}, "estimate_travel_time_minutes": {"executed_lines": [21, 22, 23, 24, 25], "summary": {"covered_lines": 5, "num_statements": 5, "percent_covered": 100.0, "percent_covered_display": "100", "missing_lines": 0, "excluded_lines": 0}, "missing_lines": [], "excluded_lines": []}, "nearest_neighbor_order": {"executed_lines": [33, 35, 36, 37, 38, 39, 40, 41, 42, 43, 44, 45, 46, 47, 48, 49, 50, 51, 52], "summary": {"covered_lines": 19, "num_statements": 20, "percent_covered": 95.0, "percent_covered_display": "95", "missing_lines": 1, "excluded_lines": 0}, "missing_lines": [34], "excluded_lines": []}, "compute_route": {"executed_lines": [61, 65, 67, 68, 69, 72, 73, 74, 75, 76, 77, 78, 80, 81, 83, 84, 85, 86, 88, 91, 92, 93, 95, 102, 104], "summary": {"covered_lines": 25, "num_statements": 27, "percent_covered": 92.5925925925926, "percent_covered_display": "93", "missing_lines": 2, "excluded_lines": 0}, "missing_lines": [62, 89], "excluded_lines": []}, "": {"executed_lines": [1, 2, 3, 6, 19, 28, 55], "summary": {"covered_lines": 7, "num_statements": 7, "percent_covered": 100.0, "percent_covered_display": "100", "missing_lines": 0, "excluded_lines": 0}, "missing_lines": [], "excluded_lines": []}}, "classes": {"": {"executed_lines": [1, 2, 3, 6, 8, 9, 10, 11, 12, 14, 15, 16, 19, 21, 22, 23, 24, 25, 28, 33, 35, 36, 37, 38, 39, 40, 41, 42, 43, 44, 45, 46, 47, 48, 49, 50, 51, 52, 55, 61, 65, 67, 68, 69, 72, 73, 74, 75, 76, 77, 78, 80, 81, 83, 84, 85, 86, 88, 91, 92, 93, 95, 102, 104], "summary": {"covered_lines": 64, "num_statements": 67, "percent_covered": 95.5223880597015, "percent_covered_display": "96", "missing_lines": 3, "excluded_lines": 0}, "missing_lines": [34, 62, 89], "excluded_lines": []}}}, "app/services/vendedor_service.py": {"executed_lines": [1, 2, 3, 4, 5, 6, 7, 8, 9, 10, 12, 13, 19, 20, 22, 29, 30, 31, 34, 35, 36, 38, 39, 49, 50, 54, 61, 62, 85, 93, 94, 96, 97, 103, 104, 105, 106, 117, 133, 135, 136, 137, 140, 142, 144, 150, 151, 152, 154, 155, 156, 157, 158, 163, 164, 172, 174], "summary": {"covered_lines": 56, "num_statements": 100, "percent_covered": 56.0, "percent_covered_display": "56", "missing_lines": 44, "excluded_lines": 0}, "missing_lines": [37, 40, 41, 42, 51, 52, 55, 56, 57, 64, 65, 66, 67, 74, 75, 76, 77, 78, 79, 80, 81, 82, 83, 108, 113, 118, 120, 121, 122, 123, 124, 125, 127, 128, 129, 130, 131, 138, 165, 166, 167, 168, 169, 170], "excluded_lines": [], "functions": {"VendedorService.__init__": {"executed_lines": [20], "summary": {"covered_lines": 1, "num_statements": 1, "percent_covered": 100.0, "percent_covered_display": "100", "missing_lines": 0, "excluded_lines": 0}, "missing_lines": [], "excluded_lines": []}, "VendedorService.crear_vendedor": {"executed_lines": [29, 30, 31, 34, 35, 36, 38, 39, 49, 50, 54, 61, 62, 85, 93, 94, 96, 97, 103, 104, 105, 106, 117], "summary": {"covered_lines": 23, "num_statements": 60, "percent_covered": 38.333333333333336, "percent_covered_display": "38", "missing_lines": 37, "excluded_lines": 0}, "missing_lines": [37, 40, 41, 42, 51, 52, 55, 56, 57, 64, 65, 66, 67, 74, 75, 76, 77, 78, 79, 80, 81, 82, 83, 108, 113, 118, 120, 121, 122, 123, 124, 125, 127, 128, 129, 130, 131], "excluded_lines": []}, "VendedorService.listar_vendedores": {"executed_lines": [135, 136, 137], "summary": {"covered_lines": 3, "num_statements": 4, "percent_covered": 75.0, "percent_covered_display": "75", "missing_lines": 1, "excluded_lines": 0}, "missing_lines": [138], "excluded_lines": []}, "VendedorService.obtener_vendedor": {"executed_lines": [142], "summary": {"covered_lines": 1, "num_statements": 1, "percent_covered": 100.0, "percent_covered_display": "100", "missing_lines": 0, "excluded_lines": 0}, "missing_lines": [], "excluded_lines": []}, "VendedorService.eliminar_vendedor": {"executed_lines": [150, 151, 152, 154, 155, 156, 157, 158, 163, 164], "summary": {"covered_lines": 10, "num_statements": 16, "percent_covered": 62.5, "percent_covered_display": "62", "missing_lines": 6, "excluded_lines": 0}, "missing_lines": [165, 166, 167, 168, 169, 170], "excluded_lines": []}, "VendedorService._to_dict": {"executed_lines": [174], "summary": {"covered_lines": 1, "num_statements": 1, "percent_covered": 100.0, "percent_covered_display": "100", "missing_lines": 0, "excluded_lines": 0}, "missing_lines": [], "excluded_lines": []}, "": {"executed_lines": [1, 2, 3, 4, 5, 6, 7, 8, 9, 10, 12, 13, 19, 22, 133, 140, 144, 172], "summary": {"covered_lines": 17, "num_statements": 17, "percent_covered": 100.0, "percent_covered_display": "100", "missing_lines": 0, "excluded_lines": 0}, "missing_lines": [], "excluded_lines": []}}, "classes": {"VendedorService": {"executed_lines": [20, 29, 30, 31, 34, 35, 36, 38, 39, 49, 50, 54, 61, 62, 85, 93, 94, 96, 97, 103, 104, 105, 106, 117, 135, 136, 137, 142, 150, 151, 152, 154, 155, 156, 157, 158, 163, 164, 174], "summary": {"covered_lines": 39, "num_statements": 83, "percent_covered": 46.98795180722892, "percent_covered_display": "47", "missing_lines": 44, "excluded_lines": 0}, "missing_lines": [37, 40, 41, 42, 51, 52, 55, 56, 57, 64, 65, 66, 67, 74, 75, 76, 77, 78, 79, 80, 81, 82, 83, 108, 113, 118, 120, 121, 122, 123, 124, 125, 127, 128, 129, 130, 131, 138, 165, 166, 167, 168, 169, 170], "excluded_lines": []}, "": {"executed_lines": [1, 2, 3, 4, 5, 6, 7, 8, 9, 10, 12, 13, 19, 22, 133, 140, 144, 172], "summary": {"covered_lines": 17, "num_statements": 17, "percent_covered": 100.0, "percent_covered_display": "100", "missing_lines": 0, "excluded_lines": 0}, "missing_lines": [], "excluded_lines": []}}}, "app/services/visita_service.py": {"executed_lines": [1, 2, 4, 5, 6, 7, 9, 12, 14, 15, 21, 24, 30, 31, 32, 33, 34, 36, 37, 39, 40, 41, 42, 43, 51], "summary": {"covered_lines": 25, "num_statements": 32, "percent_covered": 78.125, "percent_covered_display": "78", "missing_lines": 7, "excluded_lines": 0}, "missing_lines": [17, 44, 45, 46, 47, 48, 49], "excluded_lines": [], "functions": {"get_visitas_for_vendedor": {"executed_lines": [14, 15, 21], "summary": {"covered_lines": 3, "num_statements": 4, "percent_covered": 75.0, "percent_covered_display": "75", "missing_lines": 1, "excluded_lines": 0}, "missing_lines": [17], "excluded_lines": []}, "create_visita": {"executed_lines": [30, 31, 32, 33, 34, 36, 37, 39, 40, 41, 42, 43, 51], "summary": {"covered_lines": 13, "num_statements": 19, "percent_covered": 68.42105263157895, "percent_covered_display": "68", "missing_lines": 6, "excluded_lines": 0}, "missing_lines": [44, 45, 46, 47, 48, 49], "excluded_lines": []}, "": {"executed_lines": [1, 2, 4, 5, 6, 7, 9, 12, 24], "summary": {"covered_lines": 9, "num_statements": 9, "percent_covered": 100.0, "percent_covered_display": "100", "missing_lines": 0, "excluded_lines": 0}, "missing_lines": [], "excluded_lines": []}}, "classes": {"": {"executed_lines": [1, 2, 4, 5, 6, 7, 9, 12, 14, 15, 21, 24, 30, 31, 32, 33, 34, 36, 37, 39, 40, 41, 42, 43, 51], "summary": {"covered_lines": 25, "num_statements": 32, "percent_covered": 78.125, "percent_covered_display": "78", "missing_lines": 7, "excluded_lines": 0}, "missing_lines": [17, 44, 45, 46, 47, 48, 49], "excluded_lines": []}}}}, "totals": {"covered_lines": 1420, "num_statements": 1878, "percent_covered": 75.61235356762514, "percent_covered_display": "76", "missing_lines": 458, "excluded_lines": 0}}